<?xml version="1.0" encoding="utf-8" standalone="no"?>
<test-results xmlns:xsi="http://www.w3.org/2001/XMLSchema-instance" xsi:noNamespaceSchemaLocation="nunit_schema_2.5.xsd" name="Pester" total="339" errors="0" failures="0" not-run="0" inconclusive="0" ignored="0" skipped="0" invalid="0" date="2026-04-16" time="23:20:59">
  <environment machine-name="DESKTOP-ILS5UVV" os-version="10.0.26200" user-domain="REDMOND" user="martinopedal" platform="Microsoft Windows 11 Enterprise|C:\WINDOWS|\Device\Harddisk0\Partition3" nunit-version="2.5.8.0" cwd="C:\git\azure-analyzer" clr-version="10.0.5" />
  <culture-info current-culture="nb-NO" current-uiculture="nb-NO" />
  <test-suite type="TestFixture" name="Pester" executed="True" result="Success" success="True" time="6.1933" asserts="0" description="Pester">
    <results>
      <test-suite type="TestFixture" name="C:\git\azure-analyzer\tests\normalizers\Normalize-ADOConnections.Tests.ps1" executed="True" result="Success" success="True" time="0.9936" asserts="0" description="C:\git\azure-analyzer\tests\normalizers\Normalize-ADOConnections.Tests.ps1">
        <results>
          <test-suite type="TestFixture" name="Normalize-ADOConnections" executed="True" result="Success" success="True" time="0.4639" asserts="0" description="Normalize-ADOConnections">
            <results>
              <test-suite type="TestFixture" name="Normalize-ADOConnections.v3 schema conversion" executed="True" result="Success" success="True" time="0.2152" asserts="0" description="Normalize-ADOConnections.v3 schema conversion">
                <results>
                  <test-case description="returns the correct number of findings" name="Normalize-ADOConnections.v3 schema conversion.returns the correct number of findings" time="0.0982" asserts="0" success="True" result="Success" executed="True" />
                  <test-case description="sets SchemaVersion to 2.0" name="Normalize-ADOConnections.v3 schema conversion.sets SchemaVersion to 2.0" time="0.0084" asserts="0" success="True" result="Success" executed="True" />
                  <test-case description="sets Source to ado-connections" name="Normalize-ADOConnections.v3 schema conversion.sets Source to ado-connections" time="0.0077" asserts="0" success="True" result="Success" executed="True" />
                  <test-case description="sets Platform to ADO" name="Normalize-ADOConnections.v3 schema conversion.sets Platform to ADO" time="0.0067" asserts="0" success="True" result="Success" executed="True" />
                  <test-case description="sets EntityType to ServiceConnection" name="Normalize-ADOConnections.v3 schema conversion.sets EntityType to ServiceConnection" time="0.0113" asserts="0" success="True" result="Success" executed="True" />
                </results>
              </test-suite>
              <test-suite type="TestFixture" name="Normalize-ADOConnections.CanonicalId normalization" executed="True" result="Success" success="True" time="0.2615" asserts="0" description="Normalize-ADOConnections.CanonicalId normalization">
                <results>
                  <test-case description="lowercases EntityId" name="Normalize-ADOConnections.CanonicalId normalization.lowercases EntityId" time="0.0118" asserts="0" success="True" result="Success" executed="True" />
                  <test-case description="has ado:// prefix in EntityId" name="Normalize-ADOConnections.CanonicalId normalization.has ado:// prefix in EntityId" time="0.0072" asserts="0" success="True" result="Success" executed="True" />
                  <test-case description="includes org/project/serviceconnection/name in EntityId" name="Normalize-ADOConnections.CanonicalId normalization.includes org/project/serviceconnection/name in EntityId" time="0.0051" asserts="0" success="True" result="Success" executed="True" />
                </results>
              </test-suite>
              <test-suite type="TestFixture" name="Normalize-ADOConnections.Service Connection category" executed="True" result="Success" success="True" time="0.2748" asserts="0" description="Normalize-ADOConnections.Service Connection category">
                <results>
                  <test-case description="sets Category to Service Connection" name="Normalize-ADOConnections.Service Connection category.sets Category to Service Connection" time="0.0059" asserts="0" success="True" result="Success" executed="True" />
                </results>
              </test-suite>
              <test-suite type="TestFixture" name="Normalize-ADOConnections.field preservation" executed="True" result="Success" success="True" time="0.3425" asserts="0" description="Normalize-ADOConnections.field preservation">
                <results>
                  <test-case description="all findings are compliant (inventory mode)" name="Normalize-ADOConnections.field preservation.all findings are compliant (inventory mode)" time="0.0101" asserts="0" success="True" result="Success" executed="True" />
                  <test-case description="all findings have Info severity" name="Normalize-ADOConnections.field preservation.all findings have Info severity" time="0.0058" asserts="0" success="True" result="Success" executed="True" />
                  <test-case description="preserves Title" name="Normalize-ADOConnections.field preservation.preserves Title" time="0.0325" asserts="0" success="True" result="Success" executed="True" />
                  <test-case description="preserves Detail with auth info" name="Normalize-ADOConnections.field preservation.preserves Detail with auth info" time="0.0112" asserts="0" success="True" result="Success" executed="True" />
                </results>
              </test-suite>
              <test-suite type="TestFixture" name="Normalize-ADOConnections.no Azure subscription context" executed="True" result="Success" success="True" time="0.3644" asserts="0" description="Normalize-ADOConnections.no Azure subscription context">
                <results>
                  <test-case description="does not set SubscriptionId for ADO connections" name="Normalize-ADOConnections.no Azure subscription context.does not set SubscriptionId for ADO connections" time="0.0071" asserts="0" success="True" result="Success" executed="True" />
                  <test-case description="does not set ResourceGroup for ADO connections" name="Normalize-ADOConnections.no Azure subscription context.does not set ResourceGroup for ADO connections" time="0.0057" asserts="0" success="True" result="Success" executed="True" />
                </results>
              </test-suite>
              <test-suite type="TestFixture" name="Normalize-ADOConnections.error handling" executed="True" result="Success" success="True" time="0.4082" asserts="0" description="Normalize-ADOConnections.error handling">
                <results>
                  <test-case description="returns empty array for failed tool output" name="Normalize-ADOConnections.error handling.returns empty array for failed tool output" time="0.0048" asserts="0" success="True" result="Success" executed="True" />
                  <test-case description="returns empty array for null Findings" name="Normalize-ADOConnections.error handling.returns empty array for null Findings" time="0.0046" asserts="0" success="True" result="Success" executed="True" />
                  <test-case description="returns empty array for empty Findings" name="Normalize-ADOConnections.error handling.returns empty array for empty Findings" time="0.0054" asserts="0" success="True" result="Success" executed="True" />
                  <test-case description="processes PartialSuccess findings normally" name="Normalize-ADOConnections.error handling.processes PartialSuccess findings normally" time="0.0129" asserts="0" success="True" result="Success" executed="True" />
                  <test-case description="handles missing optional fields gracefully" name="Normalize-ADOConnections.error handling.handles missing optional fields gracefully" time="0.0093" asserts="0" success="True" result="Success" executed="True" />
                </results>
              </test-suite>
              <test-suite type="TestFixture" name="Normalize-ADOConnections.Provenance tracking" executed="True" result="Success" success="True" time="0.4364" asserts="0" description="Normalize-ADOConnections.Provenance tracking">
                <results>
                  <test-case description="sets Provenance.RunId consistently across all findings" name="Normalize-ADOConnections.Provenance tracking.sets Provenance.RunId consistently across all findings" time="0.0125" asserts="0" success="True" result="Success" executed="True" />
                  <test-case description="sets Provenance.Source to ado-connections" name="Normalize-ADOConnections.Provenance tracking.sets Provenance.Source to ado-connections" time="0.0052" asserts="0" success="True" result="Success" executed="True" />
                </results>
              </test-suite>
            </results>
          </test-suite>
        </results>
      </test-suite>
      <test-suite type="TestFixture" name="C:\git\azure-analyzer\tests\normalizers\Normalize-AlzQueries.Tests.ps1" executed="True" result="Success" success="True" time="0.2773" asserts="0" description="C:\git\azure-analyzer\tests\normalizers\Normalize-AlzQueries.Tests.ps1">
        <results>
          <test-suite type="TestFixture" name="Normalize-AlzQueries" executed="True" result="Success" success="True" time="0.1665" asserts="0" description="Normalize-AlzQueries">
            <results>
              <test-suite type="TestFixture" name="Normalize-AlzQueries.v3 schema conversion" executed="True" result="Success" success="True" time="0.0394" asserts="0" description="Normalize-AlzQueries.v3 schema conversion">
                <results>
                  <test-case description="returns the correct number of findings" name="Normalize-AlzQueries.v3 schema conversion.returns the correct number of findings" time="0.0032" asserts="0" success="True" result="Success" executed="True" />
                  <test-case description="sets SchemaVersion to 2.0" name="Normalize-AlzQueries.v3 schema conversion.sets SchemaVersion to 2.0" time="0.0047" asserts="0" success="True" result="Success" executed="True" />
                  <test-case description="sets Source to alz-queries" name="Normalize-AlzQueries.v3 schema conversion.sets Source to alz-queries" time="0.0065" asserts="0" success="True" result="Success" executed="True" />
                  <test-case description="sets Platform to Azure" name="Normalize-AlzQueries.v3 schema conversion.sets Platform to Azure" time="0.0055" asserts="0" success="True" result="Success" executed="True" />
                  <test-case description="sets EntityType to AzureResource" name="Normalize-AlzQueries.v3 schema conversion.sets EntityType to AzureResource" time="0.0043" asserts="0" success="True" result="Success" executed="True" />
                </results>
              </test-suite>
              <test-suite type="TestFixture" name="Normalize-AlzQueries.CanonicalId normalization" executed="True" result="Success" success="True" time="0.0553" asserts="0" description="Normalize-AlzQueries.CanonicalId normalization">
                <results>
                  <test-case description="lowercases the ARM ResourceId into EntityId" name="Normalize-AlzQueries.CanonicalId normalization.lowercases the ARM ResourceId into EntityId" time="0.0047" asserts="0" success="True" result="Success" executed="True" />
                  <test-case description="does not have a trailing slash on EntityId" name="Normalize-AlzQueries.CanonicalId normalization.does not have a trailing slash on EntityId" time="0.0043" asserts="0" success="True" result="Success" executed="True" />
                </results>
              </test-suite>
              <test-suite type="TestFixture" name="Normalize-AlzQueries.ARM path parsing" executed="True" result="Success" success="True" time="0.0796" asserts="0" description="Normalize-AlzQueries.ARM path parsing">
                <results>
                  <test-case description="parses SubscriptionId from ARM ResourceId" name="Normalize-AlzQueries.ARM path parsing.parses SubscriptionId from ARM ResourceId" time="0.0118" asserts="0" success="True" result="Success" executed="True" />
                  <test-case description="parses ResourceGroup from ARM ResourceId" name="Normalize-AlzQueries.ARM path parsing.parses ResourceGroup from ARM ResourceId" time="0.0055" asserts="0" success="True" result="Success" executed="True" />
                </results>
              </test-suite>
              <test-suite type="TestFixture" name="Normalize-AlzQueries.field preservation" executed="True" result="Success" success="True" time="0.1117" asserts="0" description="Normalize-AlzQueries.field preservation">
                <results>
                  <test-case description="preserves Compliant boolean correctly" name="Normalize-AlzQueries.field preservation.preserves Compliant boolean correctly" time="0.0049" asserts="0" success="True" result="Success" executed="True" />
                  <test-case description="preserves Severity values" name="Normalize-AlzQueries.field preservation.preserves Severity values" time="0.0053" asserts="0" success="True" result="Success" executed="True" />
                  <test-case description="preserves Category values" name="Normalize-AlzQueries.field preservation.preserves Category values" time="0.0076" asserts="0" success="True" result="Success" executed="True" />
                  <test-case description="preserves Title" name="Normalize-AlzQueries.field preservation.preserves Title" time="0.004" asserts="0" success="True" result="Success" executed="True" />
                  <test-case description="preserves Detail" name="Normalize-AlzQueries.field preservation.preserves Detail" time="0.0033" asserts="0" success="True" result="Success" executed="True" />
                </results>
              </test-suite>
              <test-suite type="TestFixture" name="Normalize-AlzQueries.error handling" executed="True" result="Success" success="True" time="0.1568" asserts="0" description="Normalize-AlzQueries.error handling">
                <results>
                  <test-case description="returns empty array for failed tool output" name="Normalize-AlzQueries.error handling.returns empty array for failed tool output" time="0.0054" asserts="0" success="True" result="Success" executed="True" />
                  <test-case description="returns empty array for null Findings" name="Normalize-AlzQueries.error handling.returns empty array for null Findings" time="0.0246" asserts="0" success="True" result="Success" executed="True" />
                  <test-case description="returns empty array for empty Findings" name="Normalize-AlzQueries.error handling.returns empty array for empty Findings" time="0.0047" asserts="0" success="True" result="Success" executed="True" />
                  <test-case description="handles missing optional fields gracefully" name="Normalize-AlzQueries.error handling.handles missing optional fields gracefully" time="0.005" asserts="0" success="True" result="Success" executed="True" />
                </results>
              </test-suite>
            </results>
          </test-suite>
        </results>
      </test-suite>
      <test-suite type="TestFixture" name="C:\git\azure-analyzer\tests\normalizers\Normalize-AzGovViz.Tests.ps1" executed="True" result="Success" success="True" time="0.2418" asserts="0" description="C:\git\azure-analyzer\tests\normalizers\Normalize-AzGovViz.Tests.ps1">
        <results>
          <test-suite type="TestFixture" name="Normalize-AzGovViz" executed="True" result="Success" success="True" time="0.1354" asserts="0" description="Normalize-AzGovViz">
            <results>
              <test-suite type="TestFixture" name="Normalize-AzGovViz.v3 schema conversion" executed="True" result="Success" success="True" time="0.0382" asserts="0" description="Normalize-AzGovViz.v3 schema conversion">
                <results>
                  <test-case description="returns the correct number of findings" name="Normalize-AzGovViz.v3 schema conversion.returns the correct number of findings" time="0.0032" asserts="0" success="True" result="Success" executed="True" />
                  <test-case description="sets SchemaVersion to 2.0" name="Normalize-AzGovViz.v3 schema conversion.sets SchemaVersion to 2.0" time="0.0035" asserts="0" success="True" result="Success" executed="True" />
                  <test-case description="sets Source to azgovviz" name="Normalize-AzGovViz.v3 schema conversion.sets Source to azgovviz" time="0.0077" asserts="0" success="True" result="Success" executed="True" />
                  <test-case description="sets Platform to Azure" name="Normalize-AzGovViz.v3 schema conversion.sets Platform to Azure" time="0.0034" asserts="0" success="True" result="Success" executed="True" />
                </results>
              </test-suite>
              <test-suite type="TestFixture" name="Normalize-AzGovViz.entity type mapping" executed="True" result="Success" success="True" time="0.0637" asserts="0" description="Normalize-AzGovViz.entity type mapping">
                <results>
                  <test-case description="maps subscription-scoped findings to Subscription EntityType" name="Normalize-AzGovViz.entity type mapping.maps subscription-scoped findings to Subscription EntityType" time="0.0072" asserts="0" success="True" result="Success" executed="True" />
                  <test-case description="maps governance findings without ResourceId to ManagementGroup EntityType" name="Normalize-AzGovViz.entity type mapping.maps governance findings without ResourceId to ManagementGroup EntityType" time="0.0053" asserts="0" success="True" result="Success" executed="True" />
                  <test-case description="uses stable canonical IDs for MG findings (not random GUIDs)" name="Normalize-AzGovViz.entity type mapping.uses stable canonical IDs for MG findings (not random GUIDs)" time="0.006" asserts="0" success="True" result="Success" executed="True" />
                </results>
              </test-suite>
              <test-suite type="TestFixture" name="Normalize-AzGovViz.CanonicalId normalization" executed="True" result="Success" success="True" time="0.0746" asserts="0" description="Normalize-AzGovViz.CanonicalId normalization">
                <results>
                  <test-case description="lowercases EntityId" name="Normalize-AzGovViz.CanonicalId normalization.lowercases EntityId" time="0.0041" asserts="0" success="True" result="Success" executed="True" />
                </results>
              </test-suite>
              <test-suite type="TestFixture" name="Normalize-AzGovViz.subscription parsing" executed="True" result="Success" success="True" time="0.0893" asserts="0" description="Normalize-AzGovViz.subscription parsing">
                <results>
                  <test-case description="parses SubscriptionId for subscription-scoped findings" name="Normalize-AzGovViz.subscription parsing.parses SubscriptionId for subscription-scoped findings" time="0.0071" asserts="0" success="True" result="Success" executed="True" />
                </results>
              </test-suite>
              <test-suite type="TestFixture" name="Normalize-AzGovViz.field preservation" executed="True" result="Success" success="True" time="0.1116" asserts="0" description="Normalize-AzGovViz.field preservation">
                <results>
                  <test-case description="preserves Compliant boolean correctly" name="Normalize-AzGovViz.field preservation.preserves Compliant boolean correctly" time="0.0035" asserts="0" success="True" result="Success" executed="True" />
                  <test-case description="preserves Severity values" name="Normalize-AzGovViz.field preservation.preserves Severity values" time="0.0035" asserts="0" success="True" result="Success" executed="True" />
                  <test-case description="preserves Category values" name="Normalize-AzGovViz.field preservation.preserves Category values" time="0.0056" asserts="0" success="True" result="Success" executed="True" />
                  <test-case description="preserves Title" name="Normalize-AzGovViz.field preservation.preserves Title" time="0.0028" asserts="0" success="True" result="Success" executed="True" />
                </results>
              </test-suite>
              <test-suite type="TestFixture" name="Normalize-AzGovViz.error handling" executed="True" result="Success" success="True" time="0.1272" asserts="0" description="Normalize-AzGovViz.error handling">
                <results>
                  <test-case description="returns empty array for failed tool output" name="Normalize-AzGovViz.error handling.returns empty array for failed tool output" time="0.0028" asserts="0" success="True" result="Success" executed="True" />
                  <test-case description="returns empty array for null Findings" name="Normalize-AzGovViz.error handling.returns empty array for null Findings" time="0.0027" asserts="0" success="True" result="Success" executed="True" />
                  <test-case description="returns empty array for empty Findings" name="Normalize-AzGovViz.error handling.returns empty array for empty Findings" time="0.0027" asserts="0" success="True" result="Success" executed="True" />
                  <test-case description="handles missing optional fields gracefully" name="Normalize-AzGovViz.error handling.handles missing optional fields gracefully" time="0.0035" asserts="0" success="True" result="Success" executed="True" />
                </results>
              </test-suite>
            </results>
          </test-suite>
        </results>
      </test-suite>
      <test-suite type="TestFixture" name="C:\git\azure-analyzer\tests\normalizers\Normalize-Azqr.Tests.ps1" executed="True" result="Success" success="True" time="0.2413" asserts="0" description="C:\git\azure-analyzer\tests\normalizers\Normalize-Azqr.Tests.ps1">
        <results>
          <test-suite type="TestFixture" name="Normalize-Azqr" executed="True" result="Success" success="True" time="0.1417" asserts="0" description="Normalize-Azqr">
            <results>
              <test-suite type="TestFixture" name="Normalize-Azqr.v3 schema conversion" executed="True" result="Success" success="True" time="0.0365" asserts="0" description="Normalize-Azqr.v3 schema conversion">
                <results>
                  <test-case description="returns the correct number of findings" name="Normalize-Azqr.v3 schema conversion.returns the correct number of findings" time="0.0067" asserts="0" success="True" result="Success" executed="True" />
                  <test-case description="sets SchemaVersion to 2.0" name="Normalize-Azqr.v3 schema conversion.sets SchemaVersion to 2.0" time="0.0039" asserts="0" success="True" result="Success" executed="True" />
                  <test-case description="sets Source to azqr" name="Normalize-Azqr.v3 schema conversion.sets Source to azqr" time="0.0045" asserts="0" success="True" result="Success" executed="True" />
                  <test-case description="sets Platform to Azure" name="Normalize-Azqr.v3 schema conversion.sets Platform to Azure" time="0.0044" asserts="0" success="True" result="Success" executed="True" />
                  <test-case description="sets EntityType to AzureResource" name="Normalize-Azqr.v3 schema conversion.sets EntityType to AzureResource" time="0.0048" asserts="0" success="True" result="Success" executed="True" />
                </results>
              </test-suite>
              <test-suite type="TestFixture" name="Normalize-Azqr.CanonicalId normalization" executed="True" result="Success" success="True" time="0.0505" asserts="0" description="Normalize-Azqr.CanonicalId normalization">
                <results>
                  <test-case description="lowercases the ARM ResourceId into EntityId" name="Normalize-Azqr.CanonicalId normalization.lowercases the ARM ResourceId into EntityId" time="0.0038" asserts="0" success="True" result="Success" executed="True" />
                  <test-case description="does not have a trailing slash on EntityId" name="Normalize-Azqr.CanonicalId normalization.does not have a trailing slash on EntityId" time="0.003" asserts="0" success="True" result="Success" executed="True" />
                </results>
              </test-suite>
              <test-suite type="TestFixture" name="Normalize-Azqr.ARM path parsing" executed="True" result="Success" success="True" time="0.0715" asserts="0" description="Normalize-Azqr.ARM path parsing">
                <results>
                  <test-case description="parses SubscriptionId from ARM ResourceId" name="Normalize-Azqr.ARM path parsing.parses SubscriptionId from ARM ResourceId" time="0.0059" asserts="0" success="True" result="Success" executed="True" />
                  <test-case description="parses ResourceGroup from ARM ResourceId" name="Normalize-Azqr.ARM path parsing.parses ResourceGroup from ARM ResourceId" time="0.0081" asserts="0" success="True" result="Success" executed="True" />
                </results>
              </test-suite>
              <test-suite type="TestFixture" name="Normalize-Azqr.field preservation" executed="True" result="Success" success="True" time="0.1113" asserts="0" description="Normalize-Azqr.field preservation">
                <results>
                  <test-case description="preserves Compliant boolean correctly" name="Normalize-Azqr.field preservation.preserves Compliant boolean correctly" time="0.0046" asserts="0" success="True" result="Success" executed="True" />
                  <test-case description="preserves Severity values" name="Normalize-Azqr.field preservation.preserves Severity values" time="0.0075" asserts="0" success="True" result="Success" executed="True" />
                  <test-case description="preserves Category values" name="Normalize-Azqr.field preservation.preserves Category values" time="0.0055" asserts="0" success="True" result="Success" executed="True" />
                  <test-case description="preserves Title" name="Normalize-Azqr.field preservation.preserves Title" time="0.006" asserts="0" success="True" result="Success" executed="True" />
                  <test-case description="preserves Detail" name="Normalize-Azqr.field preservation.preserves Detail" time="0.0042" asserts="0" success="True" result="Success" executed="True" />
                </results>
              </test-suite>
              <test-suite type="TestFixture" name="Normalize-Azqr.error handling" executed="True" result="Success" success="True" time="0.1333" asserts="0" description="Normalize-Azqr.error handling">
                <results>
                  <test-case description="returns empty array for failed tool output" name="Normalize-Azqr.error handling.returns empty array for failed tool output" time="0.0035" asserts="0" success="True" result="Success" executed="True" />
                  <test-case description="returns empty array for null Findings" name="Normalize-Azqr.error handling.returns empty array for null Findings" time="0.0049" asserts="0" success="True" result="Success" executed="True" />
                  <test-case description="returns empty array for empty Findings" name="Normalize-Azqr.error handling.returns empty array for empty Findings" time="0.0034" asserts="0" success="True" result="Success" executed="True" />
                  <test-case description="handles missing optional fields gracefully" name="Normalize-Azqr.error handling.handles missing optional fields gracefully" time="0.0047" asserts="0" success="True" result="Success" executed="True" />
                </results>
              </test-suite>
            </results>
          </test-suite>
        </results>
      </test-suite>
      <test-suite type="TestFixture" name="C:\git\azure-analyzer\tests\normalizers\Normalize-Gitleaks.Tests.ps1" executed="True" result="Success" success="True" time="0.2884" asserts="0" description="C:\git\azure-analyzer\tests\normalizers\Normalize-Gitleaks.Tests.ps1">
        <results>
          <test-suite type="TestFixture" name="Normalize-Gitleaks" executed="True" result="Success" success="True" time="0.1882" asserts="0" description="Normalize-Gitleaks">
            <results>
              <test-suite type="TestFixture" name="Normalize-Gitleaks.v3 schema conversion" executed="True" result="Success" success="True" time="0.028" asserts="0" description="Normalize-Gitleaks.v3 schema conversion">
                <results>
                  <test-case description="returns the correct number of findings" name="Normalize-Gitleaks.v3 schema conversion.returns the correct number of findings" time="0.0029" asserts="0" success="True" result="Success" executed="True" />
                  <test-case description="sets SchemaVersion to 2.0" name="Normalize-Gitleaks.v3 schema conversion.sets SchemaVersion to 2.0" time="0.0038" asserts="0" success="True" result="Success" executed="True" />
                  <test-case description="sets Source to gitleaks" name="Normalize-Gitleaks.v3 schema conversion.sets Source to gitleaks" time="0.0038" asserts="0" success="True" result="Success" executed="True" />
                  <test-case description="sets Platform to GitHub" name="Normalize-Gitleaks.v3 schema conversion.sets Platform to GitHub" time="0.0037" asserts="0" success="True" result="Success" executed="True" />
                  <test-case description="sets EntityType to Repository" name="Normalize-Gitleaks.v3 schema conversion.sets EntityType to Repository" time="0.0041" asserts="0" success="True" result="Success" executed="True" />
                </results>
              </test-suite>
              <test-suite type="TestFixture" name="Normalize-Gitleaks.CanonicalId normalization" executed="True" result="Success" success="True" time="0.0548" asserts="0" description="Normalize-Gitleaks.CanonicalId normalization">
                <results>
                  <test-case description="lowercases EntityId" name="Normalize-Gitleaks.CanonicalId normalization.lowercases EntityId" time="0.0043" asserts="0" success="True" result="Success" executed="True" />
                  <test-case description="uses forward slashes in EntityId" name="Normalize-Gitleaks.CanonicalId normalization.uses forward slashes in EntityId" time="0.0038" asserts="0" success="True" result="Success" executed="True" />
                  <test-case description="has a non-empty EntityId" name="Normalize-Gitleaks.CanonicalId normalization.has a non-empty EntityId" time="0.0076" asserts="0" success="True" result="Success" executed="True" />
                  <test-case description="canonicalizes file paths" name="Normalize-Gitleaks.CanonicalId normalization.canonicalizes file paths" time="0.0044" asserts="0" success="True" result="Success" executed="True" />
                </results>
              </test-suite>
              <test-suite type="TestFixture" name="Normalize-Gitleaks.Secret Detection category" executed="True" result="Success" success="True" time="0.067" asserts="0" description="Normalize-Gitleaks.Secret Detection category">
                <results>
                  <test-case description="preserves Secret Detection category" name="Normalize-Gitleaks.Secret Detection category.preserves Secret Detection category" time="0.0049" asserts="0" success="True" result="Success" executed="True" />
                </results>
              </test-suite>
              <test-suite type="TestFixture" name="Normalize-Gitleaks.severity mapping" executed="True" result="Success" success="True" time="0.0814" asserts="0" description="Normalize-Gitleaks.severity mapping">
                <results>
                  <test-case description="maps High severity for secret findings" name="Normalize-Gitleaks.severity mapping.maps High severity for secret findings" time="0.0044" asserts="0" success="True" result="Success" executed="True" />
                  <test-case description="maps Medium severity for non-secret findings" name="Normalize-Gitleaks.severity mapping.maps Medium severity for non-secret findings" time="0.0031" asserts="0" success="True" result="Success" executed="True" />
                </results>
              </test-suite>
              <test-suite type="TestFixture" name="Normalize-Gitleaks.field preservation" executed="True" result="Success" success="True" time="0.1144" asserts="0" description="Normalize-Gitleaks.field preservation">
                <results>
                  <test-case description="preserves Compliant boolean correctly (all false for secret findings)" name="Normalize-Gitleaks.field preservation.preserves Compliant boolean correctly (all false for secret findings)" time="0.004" asserts="0" success="True" result="Success" executed="True" />
                  <test-case description="preserves Title" name="Normalize-Gitleaks.field preservation.preserves Title" time="0.0036" asserts="0" success="True" result="Success" executed="True" />
                  <test-case description="preserves Detail" name="Normalize-Gitleaks.field preservation.preserves Detail" time="0.0031" asserts="0" success="True" result="Success" executed="True" />
                  <test-case description="preserves Remediation" name="Normalize-Gitleaks.field preservation.preserves Remediation" time="0.0039" asserts="0" success="True" result="Success" executed="True" />
                  <test-case description="preserves LearnMoreUrl" name="Normalize-Gitleaks.field preservation.preserves LearnMoreUrl" time="0.0042" asserts="0" success="True" result="Success" executed="True" />
                  <test-case description="preserves finding Id from fingerprint" name="Normalize-Gitleaks.field preservation.preserves finding Id from fingerprint" time="0.0035" asserts="0" success="True" result="Success" executed="True" />
                </results>
              </test-suite>
              <test-suite type="TestFixture" name="Normalize-Gitleaks.no Azure subscription context" executed="True" result="Success" success="True" time="0.1301" asserts="0" description="Normalize-Gitleaks.no Azure subscription context">
                <results>
                  <test-case description="does not set SubscriptionId" name="Normalize-Gitleaks.no Azure subscription context.does not set SubscriptionId" time="0.004" asserts="0" success="True" result="Success" executed="True" />
                  <test-case description="does not set ResourceGroup" name="Normalize-Gitleaks.no Azure subscription context.does not set ResourceGroup" time="0.0039" asserts="0" success="True" result="Success" executed="True" />
                </results>
              </test-suite>
              <test-suite type="TestFixture" name="Normalize-Gitleaks.provenance tracking" executed="True" result="Success" success="True" time="0.1525" asserts="0" description="Normalize-Gitleaks.provenance tracking">
                <results>
                  <test-case description="sets Provenance.Source to gitleaks" name="Normalize-Gitleaks.provenance tracking.sets Provenance.Source to gitleaks" time="0.0067" asserts="0" success="True" result="Success" executed="True" />
                  <test-case description="sets a non-empty Provenance.RunId" name="Normalize-Gitleaks.provenance tracking.sets a non-empty Provenance.RunId" time="0.0048" asserts="0" success="True" result="Success" executed="True" />
                  <test-case description="shares the same RunId across all findings" name="Normalize-Gitleaks.provenance tracking.shares the same RunId across all findings" time="0.0047" asserts="0" success="True" result="Success" executed="True" />
                </results>
              </test-suite>
              <test-suite type="TestFixture" name="Normalize-Gitleaks.error handling" executed="True" result="Success" success="True" time="0.1715" asserts="0" description="Normalize-Gitleaks.error handling">
                <results>
                  <test-case description="returns empty array for failed tool output" name="Normalize-Gitleaks.error handling.returns empty array for failed tool output" time="0.0031" asserts="0" success="True" result="Success" executed="True" />
                  <test-case description="returns empty array for null Findings" name="Normalize-Gitleaks.error handling.returns empty array for null Findings" time="0.0038" asserts="0" success="True" result="Success" executed="True" />
                  <test-case description="returns empty array for empty Findings" name="Normalize-Gitleaks.error handling.returns empty array for empty Findings" time="0.004" asserts="0" success="True" result="Success" executed="True" />
                  <test-case description="handles missing optional fields gracefully" name="Normalize-Gitleaks.error handling.handles missing optional fields gracefully" time="0.004" asserts="0" success="True" result="Success" executed="True" />
                </results>
              </test-suite>
              <test-suite type="TestFixture" name="Normalize-Gitleaks.backslash path normalization" executed="True" result="Success" success="True" time="0.1791" asserts="0" description="Normalize-Gitleaks.backslash path normalization">
                <results>
                  <test-case description="converts backslashes to forward slashes in EntityId" name="Normalize-Gitleaks.backslash path normalization.converts backslashes to forward slashes in EntityId" time="0.0036" asserts="0" success="True" result="Success" executed="True" />
                </results>
              </test-suite>
            </results>
          </test-suite>
        </results>
      </test-suite>
      <test-suite type="TestFixture" name="C:\git\azure-analyzer\tests\normalizers\Normalize-Maester.Tests.ps1" executed="True" result="Success" success="True" time="0.2146" asserts="0" description="C:\git\azure-analyzer\tests\normalizers\Normalize-Maester.Tests.ps1">
        <results>
          <test-suite type="TestFixture" name="Normalize-Maester" executed="True" result="Success" success="True" time="0.123" asserts="0" description="Normalize-Maester">
            <results>
              <test-suite type="TestFixture" name="Normalize-Maester.v3 schema conversion" executed="True" result="Success" success="True" time="0.0248" asserts="0" description="Normalize-Maester.v3 schema conversion">
                <results>
                  <test-case description="returns the correct number of findings" name="Normalize-Maester.v3 schema conversion.returns the correct number of findings" time="0.0028" asserts="0" success="True" result="Success" executed="True" />
                  <test-case description="sets SchemaVersion to 2.0" name="Normalize-Maester.v3 schema conversion.sets SchemaVersion to 2.0" time="0.0033" asserts="0" success="True" result="Success" executed="True" />
                  <test-case description="sets Source to maester" name="Normalize-Maester.v3 schema conversion.sets Source to maester" time="0.0033" asserts="0" success="True" result="Success" executed="True" />
                  <test-case description="sets Platform to Entra for tenant-scoped identity checks" name="Normalize-Maester.v3 schema conversion.sets Platform to Entra for tenant-scoped identity checks" time="0.0032" asserts="0" success="True" result="Success" executed="True" />
                </results>
              </test-suite>
              <test-suite type="TestFixture" name="Normalize-Maester.entity type mapping for tenant-scoped checks" executed="True" result="Success" success="True" time="0.044" asserts="0" description="Normalize-Maester.entity type mapping for tenant-scoped checks">
                <results>
                  <test-case description="uses the Tenant EntityType" name="Normalize-Maester.entity type mapping for tenant-scoped checks.uses the Tenant EntityType" time="0.0036" asserts="0" success="True" result="Success" executed="True" />
                  <test-case description="sets Platform to Entra" name="Normalize-Maester.entity type mapping for tenant-scoped checks.sets Platform to Entra" time="0.0032" asserts="0" success="True" result="Success" executed="True" />
                  <test-case description="has a non-empty EntityId even for empty ResourceId inputs" name="Normalize-Maester.entity type mapping for tenant-scoped checks.has a non-empty EntityId even for empty ResourceId inputs" time="0.0066" asserts="0" success="True" result="Success" executed="True" />
                </results>
              </test-suite>
              <test-suite type="TestFixture" name="Normalize-Maester.CanonicalId normalization" executed="True" result="Success" success="True" time="0.054" asserts="0" description="Normalize-Maester.CanonicalId normalization">
                <results>
                  <test-case description="lowercases EntityId" name="Normalize-Maester.CanonicalId normalization.lowercases EntityId" time="0.0042" asserts="0" success="True" result="Success" executed="True" />
                </results>
              </test-suite>
              <test-suite type="TestFixture" name="Normalize-Maester.field preservation" executed="True" result="Success" success="True" time="0.0761" asserts="0" description="Normalize-Maester.field preservation">
                <results>
                  <test-case description="preserves Compliant boolean correctly" name="Normalize-Maester.field preservation.preserves Compliant boolean correctly" time="0.0033" asserts="0" success="True" result="Success" executed="True" />
                  <test-case description="preserves Severity values" name="Normalize-Maester.field preservation.preserves Severity values" time="0.0034" asserts="0" success="True" result="Success" executed="True" />
                  <test-case description="preserves Category values" name="Normalize-Maester.field preservation.preserves Category values" time="0.0041" asserts="0" success="True" result="Success" executed="True" />
                  <test-case description="preserves Title" name="Normalize-Maester.field preservation.preserves Title" time="0.0028" asserts="0" success="True" result="Success" executed="True" />
                  <test-case description="preserves Detail" name="Normalize-Maester.field preservation.preserves Detail" time="0.0024" asserts="0" success="True" result="Success" executed="True" />
                </results>
              </test-suite>
              <test-suite type="TestFixture" name="Normalize-Maester.tenant-scoped checks have no SubscriptionId" executed="True" result="Success" success="True" time="0.0915" asserts="0" description="Normalize-Maester.tenant-scoped checks have no SubscriptionId">
                <results>
                  <test-case description="does not set SubscriptionId for Entra checks" name="Normalize-Maester.tenant-scoped checks have no SubscriptionId.does not set SubscriptionId for Entra checks" time="0.0041" asserts="0" success="True" result="Success" executed="True" />
                  <test-case description="does not set ResourceGroup for Entra checks" name="Normalize-Maester.tenant-scoped checks have no SubscriptionId.does not set ResourceGroup for Entra checks" time="0.0044" asserts="0" success="True" result="Success" executed="True" />
                </results>
              </test-suite>
              <test-suite type="TestFixture" name="Normalize-Maester.error handling" executed="True" result="Success" success="True" time="0.1136" asserts="0" description="Normalize-Maester.error handling">
                <results>
                  <test-case description="returns empty array for failed tool output" name="Normalize-Maester.error handling.returns empty array for failed tool output" time="0.0034" asserts="0" success="True" result="Success" executed="True" />
                  <test-case description="returns empty array for null Findings" name="Normalize-Maester.error handling.returns empty array for null Findings" time="0.0061" asserts="0" success="True" result="Success" executed="True" />
                  <test-case description="returns empty array for empty Findings" name="Normalize-Maester.error handling.returns empty array for empty Findings" time="0.0035" asserts="0" success="True" result="Success" executed="True" />
                  <test-case description="handles missing optional fields gracefully" name="Normalize-Maester.error handling.handles missing optional fields gracefully" time="0.005" asserts="0" success="True" result="Success" executed="True" />
                </results>
              </test-suite>
            </results>
          </test-suite>
        </results>
      </test-suite>
      <test-suite type="TestFixture" name="C:\git\azure-analyzer\tests\normalizers\Normalize-PSRule.Tests.ps1" executed="True" result="Success" success="True" time="0.2507" asserts="0" description="C:\git\azure-analyzer\tests\normalizers\Normalize-PSRule.Tests.ps1">
        <results>
          <test-suite type="TestFixture" name="Normalize-PSRule" executed="True" result="Success" success="True" time="0.1403" asserts="0" description="Normalize-PSRule">
            <results>
              <test-suite type="TestFixture" name="Normalize-PSRule.v3 schema conversion" executed="True" result="Success" success="True" time="0.0415" asserts="0" description="Normalize-PSRule.v3 schema conversion">
                <results>
                  <test-case description="returns the correct number of findings" name="Normalize-PSRule.v3 schema conversion.returns the correct number of findings" time="0.0033" asserts="0" success="True" result="Success" executed="True" />
                  <test-case description="sets SchemaVersion to 2.0" name="Normalize-PSRule.v3 schema conversion.sets SchemaVersion to 2.0" time="0.0046" asserts="0" success="True" result="Success" executed="True" />
                  <test-case description="sets Source to psrule" name="Normalize-PSRule.v3 schema conversion.sets Source to psrule" time="0.0043" asserts="0" success="True" result="Success" executed="True" />
                  <test-case description="sets Platform to Azure" name="Normalize-PSRule.v3 schema conversion.sets Platform to Azure" time="0.0047" asserts="0" success="True" result="Success" executed="True" />
                  <test-case description="sets EntityType to AzureResource" name="Normalize-PSRule.v3 schema conversion.sets EntityType to AzureResource" time="0.0136" asserts="0" success="True" result="Success" executed="True" />
                </results>
              </test-suite>
              <test-suite type="TestFixture" name="Normalize-PSRule.CanonicalId normalization" executed="True" result="Success" success="True" time="0.0565" asserts="0" description="Normalize-PSRule.CanonicalId normalization">
                <results>
                  <test-case description="lowercases the ARM ResourceId into EntityId" name="Normalize-PSRule.CanonicalId normalization.lowercases the ARM ResourceId into EntityId" time="0.0045" asserts="0" success="True" result="Success" executed="True" />
                  <test-case description="does not have a trailing slash on EntityId" name="Normalize-PSRule.CanonicalId normalization.does not have a trailing slash on EntityId" time="0.0036" asserts="0" success="True" result="Success" executed="True" />
                </results>
              </test-suite>
              <test-suite type="TestFixture" name="Normalize-PSRule.ARM path parsing" executed="True" result="Success" success="True" time="0.0746" asserts="0" description="Normalize-PSRule.ARM path parsing">
                <results>
                  <test-case description="parses SubscriptionId from ARM ResourceId" name="Normalize-PSRule.ARM path parsing.parses SubscriptionId from ARM ResourceId" time="0.006" asserts="0" success="True" result="Success" executed="True" />
                  <test-case description="parses ResourceGroup from ARM ResourceId" name="Normalize-PSRule.ARM path parsing.parses ResourceGroup from ARM ResourceId" time="0.0055" asserts="0" success="True" result="Success" executed="True" />
                </results>
              </test-suite>
              <test-suite type="TestFixture" name="Normalize-PSRule.field preservation" executed="True" result="Success" success="True" time="0.1028" asserts="0" description="Normalize-PSRule.field preservation">
                <results>
                  <test-case description="preserves Compliant boolean correctly" name="Normalize-PSRule.field preservation.preserves Compliant boolean correctly" time="0.0043" asserts="0" success="True" result="Success" executed="True" />
                  <test-case description="preserves Severity values" name="Normalize-PSRule.field preservation.preserves Severity values" time="0.0041" asserts="0" success="True" result="Success" executed="True" />
                  <test-case description="maps PSRule rule name to Category" name="Normalize-PSRule.field preservation.maps PSRule rule name to Category" time="0.0051" asserts="0" success="True" result="Success" executed="True" />
                  <test-case description="preserves Title" name="Normalize-PSRule.field preservation.preserves Title" time="0.0036" asserts="0" success="True" result="Success" executed="True" />
                  <test-case description="preserves Detail" name="Normalize-PSRule.field preservation.preserves Detail" time="0.0039" asserts="0" success="True" result="Success" executed="True" />
                </results>
              </test-suite>
              <test-suite type="TestFixture" name="Normalize-PSRule.error handling" executed="True" result="Success" success="True" time="0.1309" asserts="0" description="Normalize-PSRule.error handling">
                <results>
                  <test-case description="returns empty array for failed tool output" name="Normalize-PSRule.error handling.returns empty array for failed tool output" time="0.0071" asserts="0" success="True" result="Success" executed="True" />
                  <test-case description="returns empty array for null Findings" name="Normalize-PSRule.error handling.returns empty array for null Findings" time="0.0049" asserts="0" success="True" result="Success" executed="True" />
                  <test-case description="returns empty array for empty Findings" name="Normalize-PSRule.error handling.returns empty array for empty Findings" time="0.0064" asserts="0" success="True" result="Success" executed="True" />
                  <test-case description="handles missing optional fields gracefully" name="Normalize-PSRule.error handling.handles missing optional fields gracefully" time="0.0048" asserts="0" success="True" result="Success" executed="True" />
                </results>
              </test-suite>
            </results>
          </test-suite>
        </results>
      </test-suite>
      <test-suite type="TestFixture" name="C:\git\azure-analyzer\tests\normalizers\Normalize-Scorecard.Tests.ps1" executed="True" result="Success" success="True" time="0.2866" asserts="0" description="C:\git\azure-analyzer\tests\normalizers\Normalize-Scorecard.Tests.ps1">
        <results>
          <test-suite type="TestFixture" name="Normalize-Scorecard" executed="True" result="Success" success="True" time="0.1886" asserts="0" description="Normalize-Scorecard">
            <results>
              <test-suite type="TestFixture" name="Normalize-Scorecard.v3 schema conversion" executed="True" result="Success" success="True" time="0.0392" asserts="0" description="Normalize-Scorecard.v3 schema conversion">
                <results>
                  <test-case description="returns the correct number of findings" name="Normalize-Scorecard.v3 schema conversion.returns the correct number of findings" time="0.0042" asserts="0" success="True" result="Success" executed="True" />
                  <test-case description="sets SchemaVersion to 2.0" name="Normalize-Scorecard.v3 schema conversion.sets SchemaVersion to 2.0" time="0.0052" asserts="0" success="True" result="Success" executed="True" />
                  <test-case description="sets Source to scorecard" name="Normalize-Scorecard.v3 schema conversion.sets Source to scorecard" time="0.0084" asserts="0" success="True" result="Success" executed="True" />
                  <test-case description="sets Platform to GitHub" name="Normalize-Scorecard.v3 schema conversion.sets Platform to GitHub" time="0.0048" asserts="0" success="True" result="Success" executed="True" />
                  <test-case description="sets EntityType to Repository" name="Normalize-Scorecard.v3 schema conversion.sets EntityType to Repository" time="0.0047" asserts="0" success="True" result="Success" executed="True" />
                </results>
              </test-suite>
              <test-suite type="TestFixture" name="Normalize-Scorecard.CanonicalId normalization" executed="True" result="Success" success="True" time="0.0544" asserts="0" description="Normalize-Scorecard.CanonicalId normalization">
                <results>
                  <test-case description="lowercases EntityId" name="Normalize-Scorecard.CanonicalId normalization.lowercases EntityId" time="0.0047" asserts="0" success="True" result="Success" executed="True" />
                  <test-case description="has a non-empty EntityId even for empty ResourceId inputs" name="Normalize-Scorecard.CanonicalId normalization.has a non-empty EntityId even for empty ResourceId inputs" time="0.0043" asserts="0" success="True" result="Success" executed="True" />
                </results>
              </test-suite>
              <test-suite type="TestFixture" name="Normalize-Scorecard.Supply Chain category" executed="True" result="Success" success="True" time="0.0649" asserts="0" description="Normalize-Scorecard.Supply Chain category">
                <results>
                  <test-case description="preserves Supply Chain category" name="Normalize-Scorecard.Supply Chain category.preserves Supply Chain category" time="0.0044" asserts="0" success="True" result="Success" executed="True" />
                </results>
              </test-suite>
              <test-suite type="TestFixture" name="Normalize-Scorecard.score in Detail" executed="True" result="Success" success="True" time="0.0744" asserts="0" description="Normalize-Scorecard.score in Detail">
                <results>
                  <test-case description="preserves score information in Detail" name="Normalize-Scorecard.score in Detail.preserves score information in Detail" time="0.0031" asserts="0" success="True" result="Success" executed="True" />
                </results>
              </test-suite>
              <test-suite type="TestFixture" name="Normalize-Scorecard.field preservation" executed="True" result="Success" success="True" time="0.1042" asserts="0" description="Normalize-Scorecard.field preservation">
                <results>
                  <test-case description="preserves Compliant boolean correctly" name="Normalize-Scorecard.field preservation.preserves Compliant boolean correctly" time="0.0104" asserts="0" success="True" result="Success" executed="True" />
                  <test-case description="preserves Severity values" name="Normalize-Scorecard.field preservation.preserves Severity values" time="0.0058" asserts="0" success="True" result="Success" executed="True" />
                  <test-case description="preserves Title" name="Normalize-Scorecard.field preservation.preserves Title" time="0.0034" asserts="0" success="True" result="Success" executed="True" />
                  <test-case description="preserves Detail" name="Normalize-Scorecard.field preservation.preserves Detail" time="0.0031" asserts="0" success="True" result="Success" executed="True" />
                </results>
              </test-suite>
              <test-suite type="TestFixture" name="Normalize-Scorecard.Scorecard has no Azure subscription context" executed="True" result="Success" success="True" time="0.1203" asserts="0" description="Normalize-Scorecard.Scorecard has no Azure subscription context">
                <results>
                  <test-case description="does not set SubscriptionId for GitHub checks" name="Normalize-Scorecard.Scorecard has no Azure subscription context.does not set SubscriptionId for GitHub checks" time="0.0046" asserts="0" success="True" result="Success" executed="True" />
                  <test-case description="does not set ResourceGroup for GitHub checks" name="Normalize-Scorecard.Scorecard has no Azure subscription context.does not set ResourceGroup for GitHub checks" time="0.0047" asserts="0" success="True" result="Success" executed="True" />
                </results>
              </test-suite>
              <test-suite type="TestFixture" name="Normalize-Scorecard.error handling" executed="True" result="Success" success="True" time="0.1369" asserts="0" description="Normalize-Scorecard.error handling">
                <results>
                  <test-case description="returns empty array for failed tool output" name="Normalize-Scorecard.error handling.returns empty array for failed tool output" time="0.0031" asserts="0" success="True" result="Success" executed="True" />
                  <test-case description="returns empty array for null Findings" name="Normalize-Scorecard.error handling.returns empty array for null Findings" time="0.003" asserts="0" success="True" result="Success" executed="True" />
                  <test-case description="returns empty array for empty Findings" name="Normalize-Scorecard.error handling.returns empty array for empty Findings" time="0.003" asserts="0" success="True" result="Success" executed="True" />
                  <test-case description="handles missing optional fields gracefully" name="Normalize-Scorecard.error handling.handles missing optional fields gracefully" time="0.0033" asserts="0" success="True" result="Success" executed="True" />
                </results>
              </test-suite>
              <test-suite type="TestFixture" name="Normalize-Scorecard.enterprise GitHub host (GHEC-DR / GHES)" executed="True" result="Success" success="True" time="0.1805" asserts="0" description="Normalize-Scorecard.enterprise GitHub host (GHEC-DR / GHES)">
                <results>
                  <test-case description="canonicalizes GHES repository URL with enterprise host" name="Normalize-Scorecard.enterprise GitHub host (GHEC-DR / GHES).canonicalizes GHES repository URL with enterprise host" time="0.01" asserts="0" success="True" result="Success" executed="True" />
                  <test-case description="canonicalizes GHEC-DR repository URL" name="Normalize-Scorecard.enterprise GitHub host (GHEC-DR / GHES).canonicalizes GHEC-DR repository URL" time="0.009" asserts="0" success="True" result="Success" executed="True" />
                  <test-case description="lowercases enterprise EntityId" name="Normalize-Scorecard.enterprise GitHub host (GHEC-DR / GHES).lowercases enterprise EntityId" time="0.0065" asserts="0" success="True" result="Success" executed="True" />
                  <test-case description="still works with standard github.com ResourceId" name="Normalize-Scorecard.enterprise GitHub host (GHEC-DR / GHES).still works with standard github.com ResourceId" time="0.0138" asserts="0" success="True" result="Success" executed="True" />
                </results>
              </test-suite>
            </results>
          </test-suite>
        </results>
      </test-suite>
      <test-suite type="TestFixture" name="C:\git\azure-analyzer\tests\normalizers\Normalize-Trivy.Tests.ps1" executed="True" result="Success" success="True" time="0.2685" asserts="0" description="C:\git\azure-analyzer\tests\normalizers\Normalize-Trivy.Tests.ps1">
        <results>
          <test-suite type="TestFixture" name="Normalize-Trivy" executed="True" result="Success" success="True" time="0.1612" asserts="0" description="Normalize-Trivy">
            <results>
              <test-suite type="TestFixture" name="Normalize-Trivy.v3 schema conversion" executed="True" result="Success" success="True" time="0.036" asserts="0" description="Normalize-Trivy.v3 schema conversion">
                <results>
                  <test-case description="returns the correct number of findings" name="Normalize-Trivy.v3 schema conversion.returns the correct number of findings" time="0.0032" asserts="0" success="True" result="Success" executed="True" />
                  <test-case description="sets SchemaVersion to 2.0" name="Normalize-Trivy.v3 schema conversion.sets SchemaVersion to 2.0" time="0.0045" asserts="0" success="True" result="Success" executed="True" />
                  <test-case description="sets Source to trivy" name="Normalize-Trivy.v3 schema conversion.sets Source to trivy" time="0.0044" asserts="0" success="True" result="Success" executed="True" />
                  <test-case description="sets Platform to GitHub" name="Normalize-Trivy.v3 schema conversion.sets Platform to GitHub" time="0.0042" asserts="0" success="True" result="Success" executed="True" />
                  <test-case description="sets EntityType to Repository" name="Normalize-Trivy.v3 schema conversion.sets EntityType to Repository" time="0.0076" asserts="0" success="True" result="Success" executed="True" />
                </results>
              </test-suite>
              <test-suite type="TestFixture" name="Normalize-Trivy.EntityId normalization" executed="True" result="Success" success="True" time="0.0539" asserts="0" description="Normalize-Trivy.EntityId normalization">
                <results>
                  <test-case description="generates synthetic EntityId for path-based ResourceId" name="Normalize-Trivy.EntityId normalization.generates synthetic EntityId for path-based ResourceId" time="0.0032" asserts="0" success="True" result="Success" executed="True" />
                  <test-case description="canonicalizes GitHub repo ResourceId" name="Normalize-Trivy.EntityId normalization.canonicalizes GitHub repo ResourceId" time="0.0028" asserts="0" success="True" result="Success" executed="True" />
                  <test-case description="has a non-empty EntityId for all findings" name="Normalize-Trivy.EntityId normalization.has a non-empty EntityId for all findings" time="0.0037" asserts="0" success="True" result="Success" executed="True" />
                </results>
              </test-suite>
              <test-suite type="TestFixture" name="Normalize-Trivy.Supply Chain category" executed="True" result="Success" success="True" time="0.0662" asserts="0" description="Normalize-Trivy.Supply Chain category">
                <results>
                  <test-case description="preserves Supply Chain category" name="Normalize-Trivy.Supply Chain category.preserves Supply Chain category" time="0.0047" asserts="0" success="True" result="Success" executed="True" />
                </results>
              </test-suite>
              <test-suite type="TestFixture" name="Normalize-Trivy.field preservation" executed="True" result="Success" success="True" time="0.0983" asserts="0" description="Normalize-Trivy.field preservation">
                <results>
                  <test-case description="preserves Compliant boolean (all false for vulnerabilities)" name="Normalize-Trivy.field preservation.preserves Compliant boolean (all false for vulnerabilities)" time="0.0042" asserts="0" success="True" result="Success" executed="True" />
                  <test-case description="preserves Severity values" name="Normalize-Trivy.field preservation.preserves Severity values" time="0.005" asserts="0" success="True" result="Success" executed="True" />
                  <test-case description="preserves Title with CVE ID and package name" name="Normalize-Trivy.field preservation.preserves Title with CVE ID and package name" time="0.0035" asserts="0" success="True" result="Success" executed="True" />
                  <test-case description="preserves Detail" name="Normalize-Trivy.field preservation.preserves Detail" time="0.0055" asserts="0" success="True" result="Success" executed="True" />
                  <test-case description="preserves Remediation" name="Normalize-Trivy.field preservation.preserves Remediation" time="0.0029" asserts="0" success="True" result="Success" executed="True" />
                  <test-case description="preserves LearnMoreUrl" name="Normalize-Trivy.field preservation.preserves LearnMoreUrl" time="0.0028" asserts="0" success="True" result="Success" executed="True" />
                </results>
              </test-suite>
              <test-suite type="TestFixture" name="Normalize-Trivy.Trivy has no Azure subscription context" executed="True" result="Success" success="True" time="0.1149" asserts="0" description="Normalize-Trivy.Trivy has no Azure subscription context">
                <results>
                  <test-case description="does not set SubscriptionId" name="Normalize-Trivy.Trivy has no Azure subscription context.does not set SubscriptionId" time="0.005" asserts="0" success="True" result="Success" executed="True" />
                  <test-case description="does not set ResourceGroup" name="Normalize-Trivy.Trivy has no Azure subscription context.does not set ResourceGroup" time="0.0038" asserts="0" success="True" result="Success" executed="True" />
                </results>
              </test-suite>
              <test-suite type="TestFixture" name="Normalize-Trivy.Provenance tracking" executed="True" result="Success" success="True" time="0.1328" asserts="0" description="Normalize-Trivy.Provenance tracking">
                <results>
                  <test-case description="sets Provenance with RunId" name="Normalize-Trivy.Provenance tracking.sets Provenance with RunId" time="0.0057" asserts="0" success="True" result="Success" executed="True" />
                  <test-case description="uses consistent RunId across all findings" name="Normalize-Trivy.Provenance tracking.uses consistent RunId across all findings" time="0.0044" asserts="0" success="True" result="Success" executed="True" />
                </results>
              </test-suite>
              <test-suite type="TestFixture" name="Normalize-Trivy.error handling" executed="True" result="Success" success="True" time="0.153" asserts="0" description="Normalize-Trivy.error handling">
                <results>
                  <test-case description="returns empty array for failed tool output" name="Normalize-Trivy.error handling.returns empty array for failed tool output" time="0.0033" asserts="0" success="True" result="Success" executed="True" />
                  <test-case description="returns empty array for null Findings" name="Normalize-Trivy.error handling.returns empty array for null Findings" time="0.0033" asserts="0" success="True" result="Success" executed="True" />
                  <test-case description="returns empty array for empty Findings" name="Normalize-Trivy.error handling.returns empty array for empty Findings" time="0.0034" asserts="0" success="True" result="Success" executed="True" />
                  <test-case description="handles missing optional fields gracefully" name="Normalize-Trivy.error handling.handles missing optional fields gracefully" time="0.0042" asserts="0" success="True" result="Success" executed="True" />
                </results>
              </test-suite>
            </results>
          </test-suite>
        </results>
      </test-suite>
      <test-suite type="TestFixture" name="C:\git\azure-analyzer\tests\normalizers\Normalize-WARA.Tests.ps1" executed="True" result="Success" success="True" time="0.2178" asserts="0" description="C:\git\azure-analyzer\tests\normalizers\Normalize-WARA.Tests.ps1">
        <results>
          <test-suite type="TestFixture" name="Normalize-WARA" executed="True" result="Success" success="True" time="0.1105" asserts="0" description="Normalize-WARA">
            <results>
              <test-suite type="TestFixture" name="Normalize-WARA.v3 schema conversion" executed="True" result="Success" success="True" time="0.0256" asserts="0" description="Normalize-WARA.v3 schema conversion">
                <results>
                  <test-case description="returns the correct number of findings" name="Normalize-WARA.v3 schema conversion.returns the correct number of findings" time="0.003" asserts="0" success="True" result="Success" executed="True" />
                  <test-case description="sets SchemaVersion to 2.0" name="Normalize-WARA.v3 schema conversion.sets SchemaVersion to 2.0" time="0.0035" asserts="0" success="True" result="Success" executed="True" />
                  <test-case description="sets Source to wara" name="Normalize-WARA.v3 schema conversion.sets Source to wara" time="0.0032" asserts="0" success="True" result="Success" executed="True" />
                  <test-case description="sets Platform to Azure" name="Normalize-WARA.v3 schema conversion.sets Platform to Azure" time="0.0031" asserts="0" success="True" result="Success" executed="True" />
                  <test-case description="sets EntityType to AzureResource" name="Normalize-WARA.v3 schema conversion.sets EntityType to AzureResource" time="0.0032" asserts="0" success="True" result="Success" executed="True" />
                </results>
              </test-suite>
              <test-suite type="TestFixture" name="Normalize-WARA.WARA-specific: all findings are non-compliant" executed="True" result="Success" success="True" time="0.0419" asserts="0" description="Normalize-WARA.WARA-specific: all findings are non-compliant">
                <results>
                  <test-case description="has no compliant findings (WARA never reports compliant)" name="Normalize-WARA.WARA-specific: all findings are non-compliant.has no compliant findings (WARA never reports compliant)" time="0.0037" asserts="0" success="True" result="Success" executed="True" />
                  <test-case description="all findings have Compliant set to false" name="Normalize-WARA.WARA-specific: all findings are non-compliant.all findings have Compliant set to false" time="0.0066" asserts="0" success="True" result="Success" executed="True" />
                </results>
              </test-suite>
              <test-suite type="TestFixture" name="Normalize-WARA.CanonicalId normalization" executed="True" result="Success" success="True" time="0.0539" asserts="0" description="Normalize-WARA.CanonicalId normalization">
                <results>
                  <test-case description="lowercases the ARM ResourceId into EntityId" name="Normalize-WARA.CanonicalId normalization.lowercases the ARM ResourceId into EntityId" time="0.0034" asserts="0" success="True" result="Success" executed="True" />
                  <test-case description="does not have a trailing slash on EntityId" name="Normalize-WARA.CanonicalId normalization.does not have a trailing slash on EntityId" time="0.0028" asserts="0" success="True" result="Success" executed="True" />
                </results>
              </test-suite>
              <test-suite type="TestFixture" name="Normalize-WARA.ARM path parsing" executed="True" result="Success" success="True" time="0.0667" asserts="0" description="Normalize-WARA.ARM path parsing">
                <results>
                  <test-case description="parses SubscriptionId from ARM ResourceId" name="Normalize-WARA.ARM path parsing.parses SubscriptionId from ARM ResourceId" time="0.004" asserts="0" success="True" result="Success" executed="True" />
                  <test-case description="parses ResourceGroup from ARM ResourceId" name="Normalize-WARA.ARM path parsing.parses ResourceGroup from ARM ResourceId" time="0.004" asserts="0" success="True" result="Success" executed="True" />
                </results>
              </test-suite>
              <test-suite type="TestFixture" name="Normalize-WARA.field preservation" executed="True" result="Success" success="True" time="0.0821" asserts="0" description="Normalize-WARA.field preservation">
                <results>
                  <test-case description="preserves Severity values" name="Normalize-WARA.field preservation.preserves Severity values" time="0.0032" asserts="0" success="True" result="Success" executed="True" />
                  <test-case description="preserves Category values" name="Normalize-WARA.field preservation.preserves Category values" time="0.0028" asserts="0" success="True" result="Success" executed="True" />
                  <test-case description="preserves Title" name="Normalize-WARA.field preservation.preserves Title" time="0.0022" asserts="0" success="True" result="Success" executed="True" />
                  <test-case description="preserves Detail" name="Normalize-WARA.field preservation.preserves Detail" time="0.0021" asserts="0" success="True" result="Success" executed="True" />
                </results>
              </test-suite>
              <test-suite type="TestFixture" name="Normalize-WARA.error handling" executed="True" result="Success" success="True" time="0.1026" asserts="0" description="Normalize-WARA.error handling">
                <results>
                  <test-case description="returns empty array for failed tool output" name="Normalize-WARA.error handling.returns empty array for failed tool output" time="0.003" asserts="0" success="True" result="Success" executed="True" />
                  <test-case description="returns empty array for null Findings" name="Normalize-WARA.error handling.returns empty array for null Findings" time="0.0031" asserts="0" success="True" result="Success" executed="True" />
                  <test-case description="returns empty array for empty Findings" name="Normalize-WARA.error handling.returns empty array for empty Findings" time="0.0031" asserts="0" success="True" result="Success" executed="True" />
                  <test-case description="handles missing optional fields gracefully" name="Normalize-WARA.error handling.handles missing optional fields gracefully" time="0.0066" asserts="0" success="True" result="Success" executed="True" />
                </results>
              </test-suite>
            </results>
          </test-suite>
        </results>
      </test-suite>
      <test-suite type="TestFixture" name="C:\git\azure-analyzer\tests\normalizers\Normalize-Zizmor.Tests.ps1" executed="True" result="Success" success="True" time="0.303" asserts="0" description="C:\git\azure-analyzer\tests\normalizers\Normalize-Zizmor.Tests.ps1">
        <results>
          <test-suite type="TestFixture" name="Normalize-Zizmor" executed="True" result="Success" success="True" time="0.1825" asserts="0" description="Normalize-Zizmor">
            <results>
              <test-suite type="TestFixture" name="Normalize-Zizmor.v3 schema conversion" executed="True" result="Success" success="True" time="0.0307" asserts="0" description="Normalize-Zizmor.v3 schema conversion">
                <results>
                  <test-case description="returns the correct number of findings" name="Normalize-Zizmor.v3 schema conversion.returns the correct number of findings" time="0.0034" asserts="0" success="True" result="Success" executed="True" />
                  <test-case description="sets SchemaVersion to 2.0" name="Normalize-Zizmor.v3 schema conversion.sets SchemaVersion to 2.0" time="0.0044" asserts="0" success="True" result="Success" executed="True" />
                  <test-case description="sets Source to zizmor" name="Normalize-Zizmor.v3 schema conversion.sets Source to zizmor" time="0.0045" asserts="0" success="True" result="Success" executed="True" />
                  <test-case description="sets Platform to GitHub" name="Normalize-Zizmor.v3 schema conversion.sets Platform to GitHub" time="0.0045" asserts="0" success="True" result="Success" executed="True" />
                  <test-case description="sets EntityType to Workflow" name="Normalize-Zizmor.v3 schema conversion.sets EntityType to Workflow" time="0.0049" asserts="0" success="True" result="Success" executed="True" />
                </results>
              </test-suite>
              <test-suite type="TestFixture" name="Normalize-Zizmor.CanonicalId normalization" executed="True" result="Success" success="True" time="0.062" asserts="0" description="Normalize-Zizmor.CanonicalId normalization">
                <results>
                  <test-case description="lowercases EntityId" name="Normalize-Zizmor.CanonicalId normalization.lowercases EntityId" time="0.0045" asserts="0" success="True" result="Success" executed="True" />
                  <test-case description="uses forward slashes in EntityId" name="Normalize-Zizmor.CanonicalId normalization.uses forward slashes in EntityId" time="0.0041" asserts="0" success="True" result="Success" executed="True" />
                  <test-case description="has a non-empty EntityId" name="Normalize-Zizmor.CanonicalId normalization.has a non-empty EntityId" time="0.0045" asserts="0" success="True" result="Success" executed="True" />
                  <test-case description="canonicalizes workflow file paths" name="Normalize-Zizmor.CanonicalId normalization.canonicalizes workflow file paths" time="0.004" asserts="0" success="True" result="Success" executed="True" />
                </results>
              </test-suite>
              <test-suite type="TestFixture" name="Normalize-Zizmor.CI/CD Security category" executed="True" result="Success" success="True" time="0.0729" asserts="0" description="Normalize-Zizmor.CI/CD Security category">
                <results>
                  <test-case description="preserves CI/CD Security category" name="Normalize-Zizmor.CI/CD Security category.preserves CI/CD Security category" time="0.0044" asserts="0" success="True" result="Success" executed="True" />
                </results>
              </test-suite>
              <test-suite type="TestFixture" name="Normalize-Zizmor.field preservation" executed="True" result="Success" success="True" time="0.1009" asserts="0" description="Normalize-Zizmor.field preservation">
                <results>
                  <test-case description="preserves Compliant boolean correctly (all false for security findings)" name="Normalize-Zizmor.field preservation.preserves Compliant boolean correctly (all false for security findings)" time="0.0038" asserts="0" success="True" result="Success" executed="True" />
                  <test-case description="preserves Severity values" name="Normalize-Zizmor.field preservation.preserves Severity values" time="0.004" asserts="0" success="True" result="Success" executed="True" />
                  <test-case description="preserves Title" name="Normalize-Zizmor.field preservation.preserves Title" time="0.0035" asserts="0" success="True" result="Success" executed="True" />
                  <test-case description="preserves Detail" name="Normalize-Zizmor.field preservation.preserves Detail" time="0.0032" asserts="0" success="True" result="Success" executed="True" />
                  <test-case description="preserves LearnMoreUrl" name="Normalize-Zizmor.field preservation.preserves LearnMoreUrl" time="0.003" asserts="0" success="True" result="Success" executed="True" />
                  <test-case description="preserves Remediation" name="Normalize-Zizmor.field preservation.preserves Remediation" time="0.0036" asserts="0" success="True" result="Success" executed="True" />
                </results>
              </test-suite>
              <test-suite type="TestFixture" name="Normalize-Zizmor.no Azure subscription context" executed="True" result="Success" success="True" time="0.1209" asserts="0" description="Normalize-Zizmor.no Azure subscription context">
                <results>
[...]
              <test-case description="treats install.kind=none tools as fully satisfied" name="Install-PrerequisitesFromManifest.treats install.kind=none tools as fully satisfied" time="0.0083" asserts="0" success="True" result="Success" executed="True" />
              <test-case description="flags missing CLI tools when SkipInstall is set" name="Install-PrerequisitesFromManifest.flags missing CLI tools when SkipInstall is set" time="0.0439" asserts="0" success="True" result="Success" executed="True" />
              <test-case description="skips disabled tools" name="Install-PrerequisitesFromManifest.skips disabled tools" time="0.005" asserts="0" success="True" result="Success" executed="True" />
            </results>
          </test-suite>
          <test-suite type="TestFixture" name="Manifest wiring" executed="True" result="Success" success="True" time="0.2901" asserts="0" description="Manifest wiring">
            <results>
              <test-case description="every enabled tool has an install block" name="Manifest wiring.every enabled tool has an install block" time="0.0221" asserts="0" success="True" result="Success" executed="True" />
              <test-case description="every enabled tool has a report color and phase" name="Manifest wiring.every enabled tool has a report color and phase" time="0.0205" asserts="0" success="True" result="Success" executed="True" />
              <test-case description="cli install entries reference a probe command" name="Manifest wiring.cli install entries reference a probe command" time="0.005" asserts="0" success="True" result="Success" executed="True" />
              <test-case description="gitclone install entries specify repo, target, and probe" name="Manifest wiring.gitclone install entries specify repo, target, and probe" time="0.0062" asserts="0" success="True" result="Success" executed="True" />
            </results>
          </test-suite>
        </results>
      </test-suite>
      <test-suite type="TestFixture" name="C:\git\azure-analyzer\tests\shared\Mask.Tests.ps1" executed="True" result="Success" success="True" time="0.0966" asserts="0" description="C:\git\azure-analyzer\tests\shared\Mask.Tests.ps1">
        <results>
          <test-suite type="TestFixture" name="ConvertTo-MaskedId" executed="True" result="Success" success="True" time="0.0273" asserts="0" description="ConvertTo-MaskedId">
            <results>
              <test-case description="masks appId values" name="ConvertTo-MaskedId.masks appId values" time="0.0104" asserts="0" success="True" result="Success" executed="True" />
              <test-case description="masks objectId values" name="ConvertTo-MaskedId.masks objectId values" time="0.0037" asserts="0" success="True" result="Success" executed="True" />
              <test-case description="redacts tenantId values" name="ConvertTo-MaskedId.redacts tenantId values" time="0.0032" asserts="0" success="True" result="Success" executed="True" />
              <test-case description="bypasses masking when IncludeSensitiveDetails is set" name="ConvertTo-MaskedId.bypasses masking when IncludeSensitiveDetails is set" time="0.0029" asserts="0" success="True" result="Success" executed="True" />
              <test-case description="returns null inputs as null" name="ConvertTo-MaskedId.returns null inputs as null" time="0.0031" asserts="0" success="True" result="Success" executed="True" />
            </results>
          </test-suite>
        </results>
      </test-suite>
      <test-suite type="TestFixture" name="C:\git\azure-analyzer\tests\shared\RemoteClone.Tests.ps1" executed="True" result="Success" success="True" time="0.2191" asserts="0" description="C:\git\azure-analyzer\tests\shared\RemoteClone.Tests.ps1">
        <results>
          <test-suite type="TestFixture" name="Test-RemoteRepoUrl" executed="True" result="Success" success="True" time="0.0534" asserts="0" description="Test-RemoteRepoUrl">
            <results>
              <test-case description="accepts github.com HTTPS" name="Test-RemoteRepoUrl.accepts github.com HTTPS" time="0.0067" asserts="0" success="True" result="Success" executed="True" />
              <test-case description="accepts dev.azure.com HTTPS" name="Test-RemoteRepoUrl.accepts dev.azure.com HTTPS" time="0.0077" asserts="0" success="True" result="Success" executed="True" />
              <test-case description="accepts *.visualstudio.com HTTPS" name="Test-RemoteRepoUrl.accepts *.visualstudio.com HTTPS" time="0.0069" asserts="0" success="True" result="Success" executed="True" />
              <test-case description="accepts *.ghe.com HTTPS" name="Test-RemoteRepoUrl.accepts *.ghe.com HTTPS" time="0.0071" asserts="0" success="True" result="Success" executed="True" />
              <test-case description="rejects http://" name="Test-RemoteRepoUrl.rejects http://" time="0.0064" asserts="0" success="True" result="Success" executed="True" />
              <test-case description="rejects git@ ssh form" name="Test-RemoteRepoUrl.rejects git@ ssh form" time="0.0057" asserts="0" success="True" result="Success" executed="True" />
              <test-case description="rejects file:// URLs" name="Test-RemoteRepoUrl.rejects file:// URLs" time="0.0034" asserts="0" success="True" result="Success" executed="True" />
              <test-case description="rejects non-allow-listed hosts" name="Test-RemoteRepoUrl.rejects non-allow-listed hosts" time="0.0044" asserts="0" success="True" result="Success" executed="True" />
            </results>
          </test-suite>
          <test-suite type="TestFixture" name="Resolve-ScanTargetUrl" executed="True" result="Success" success="True" time="0.0848" asserts="0" description="Resolve-ScanTargetUrl">
            <results>
              <test-case description="returns AdoRepoUrl verbatim when allow-listed" name="Resolve-ScanTargetUrl.returns AdoRepoUrl verbatim when allow-listed" time="0.005" asserts="0" success="True" result="Success" executed="True" />
              <test-case description="returns $null for AdoRepoUrl on disallowed host" name="Resolve-ScanTargetUrl.returns $null for AdoRepoUrl on disallowed host" time="0.0031" asserts="0" success="True" result="Success" executed="True" />
              <test-case description="normalizes owner/repo to https github.com" name="Resolve-ScanTargetUrl.normalizes owner/repo to https github.com" time="0.0032" asserts="0" success="True" result="Success" executed="True" />
              <test-case description="uses GitHubHost override" name="Resolve-ScanTargetUrl.uses GitHubHost override" time="0.003" asserts="0" success="True" result="Success" executed="True" />
              <test-case description="accepts a full HTTPS URL under -Repository" name="Resolve-ScanTargetUrl.accepts a full HTTPS URL under -Repository" time="0.003" asserts="0" success="True" result="Success" executed="True" />
              <test-case description="returns $null for garbage owner/repo" name="Resolve-ScanTargetUrl.returns $null for garbage owner/repo" time="0.0032" asserts="0" success="True" result="Success" executed="True" />
              <test-case description="returns $null with neither input" name="Resolve-ScanTargetUrl.returns $null with neither input" time="0.0037" asserts="0" success="True" result="Success" executed="True" />
              <test-case description="prefers AdoRepoUrl over Repository" name="Resolve-ScanTargetUrl.prefers AdoRepoUrl over Repository" time="0.0031" asserts="0" success="True" result="Success" executed="True" />
            </results>
          </test-suite>
          <test-suite type="TestFixture" name="ConvertTo-AuthenticatedRemoteUrl" executed="True" result="Success" success="True" time="0.108" asserts="0" description="ConvertTo-AuthenticatedRemoteUrl">
            <results>
              <test-case description="injects token into HTTPS URL" name="ConvertTo-AuthenticatedRemoteUrl.injects token into HTTPS URL" time="0.0074" asserts="0" success="True" result="Success" executed="True" />
              <test-case description="URL-encodes special characters in token" name="ConvertTo-AuthenticatedRemoteUrl.URL-encodes special characters in token" time="0.0035" asserts="0" success="True" result="Success" executed="True" />
              <test-case description="does not double-inject if auth already present" name="ConvertTo-AuthenticatedRemoteUrl.does not double-inject if auth already present" time="0.0051" asserts="0" success="True" result="Success" executed="True" />
              <test-case description="returns URL unchanged when no token" name="ConvertTo-AuthenticatedRemoteUrl.returns URL unchanged when no token" time="0.0032" asserts="0" success="True" result="Success" executed="True" />
            </results>
          </test-suite>
          <test-suite type="TestFixture" name="Resolve-RemoteRepoToken" executed="True" result="Success" success="True" time="0.1305" asserts="0" description="Resolve-RemoteRepoToken">
            <results>
              <test-case description="returns explicit token verbatim" name="Resolve-RemoteRepoToken.returns explicit token verbatim" time="0.0071" asserts="0" success="True" result="Success" executed="True" />
              <test-case description="picks GITHUB_TOKEN for github.com" name="Resolve-RemoteRepoToken.picks GITHUB_TOKEN for github.com" time="0.0041" asserts="0" success="True" result="Success" executed="True" />
              <test-case description="picks AZURE_DEVOPS_EXT_PAT for dev.azure.com" name="Resolve-RemoteRepoToken.picks AZURE_DEVOPS_EXT_PAT for dev.azure.com" time="0.0043" asserts="0" success="True" result="Success" executed="True" />
              <test-case description="returns empty string when nothing configured" name="Resolve-RemoteRepoToken.returns empty string when nothing configured" time="0.0034" asserts="0" success="True" result="Success" executed="True" />
            </results>
          </test-suite>
        </results>
      </test-suite>
      <test-suite type="TestFixture" name="C:\git\azure-analyzer\tests\shared\Retry.Tests.ps1" executed="True" result="Success" success="True" time="0.1161" asserts="0" description="C:\git\azure-analyzer\tests\shared\Retry.Tests.ps1">
        <results>
          <test-suite type="TestFixture" name="Invoke-WithRetry" executed="True" result="Success" success="True" time="0.0618" asserts="0" description="Invoke-WithRetry">
            <results>
              <test-case description="returns on first success" name="Invoke-WithRetry.returns on first success" time="0.0089" asserts="0" success="True" result="Success" executed="True" />
              <test-case description="retries retryable failures" name="Invoke-WithRetry.retries retryable failures" time="0.0204" asserts="0" success="True" result="Success" executed="True" />
              <test-case description="fails fast on non-retryable errors" name="Invoke-WithRetry.fails fast on non-retryable errors" time="0.0199" asserts="0" success="True" result="Success" executed="True" />
              <test-case description="throws after max retries" name="Invoke-WithRetry.throws after max retries" time="0.0084" asserts="0" success="True" result="Success" executed="True" />
            </results>
          </test-suite>
        </results>
      </test-suite>
      <test-suite type="TestFixture" name="C:\git\azure-analyzer\tests\shared\Sanitize.Tests.ps1" executed="True" result="Success" success="True" time="0.106" asserts="0" description="C:\git\azure-analyzer\tests\shared\Sanitize.Tests.ps1">
        <results>
          <test-suite type="TestFixture" name="Remove-Credentials" executed="True" result="Success" success="True" time="0.0489" asserts="0" description="Remove-Credentials">
            <results>
              <test-case description="redacts ghp tokens" name="Remove-Credentials.redacts ghp tokens" time="0.0097" asserts="0" success="True" result="Success" executed="True" />
              <test-case description="redacts gho tokens" name="Remove-Credentials.redacts gho tokens" time="0.0048" asserts="0" success="True" result="Success" executed="True" />
              <test-case description="redacts ghs tokens" name="Remove-Credentials.redacts ghs tokens" time="0.0041" asserts="0" success="True" result="Success" executed="True" />
              <test-case description="redacts ghr tokens" name="Remove-Credentials.redacts ghr tokens" time="0.004" asserts="0" success="True" result="Success" executed="True" />
              <test-case description="redacts fine-grained GitHub PATs" name="Remove-Credentials.redacts fine-grained GitHub PATs" time="0.0039" asserts="0" success="True" result="Success" executed="True" />
              <test-case description="redacts ADO PAT basic auth headers" name="Remove-Credentials.redacts ADO PAT basic auth headers" time="0.0037" asserts="0" success="True" result="Success" executed="True" />
              <test-case description="redacts Authorization headers" name="Remove-Credentials.redacts Authorization headers" time="0.0033" asserts="0" success="True" result="Success" executed="True" />
              <test-case description="redacts bearer tokens outside headers" name="Remove-Credentials.redacts bearer tokens outside headers" time="0.003" asserts="0" success="True" result="Success" executed="True" />
              <test-case description="redacts connection string secrets" name="Remove-Credentials.redacts connection string secrets" time="0.0057" asserts="0" success="True" result="Success" executed="True" />
              <test-case description="does not alter normal text" name="Remove-Credentials.does not alter normal text" time="0.0027" asserts="0" success="True" result="Success" executed="True" />
            </results>
          </test-suite>
        </results>
      </test-suite>
      <test-suite type="TestFixture" name="C:\git\azure-analyzer\tests\shared\Schema.Tests.ps1" executed="True" result="Success" success="True" time="0.1031" asserts="0" description="C:\git\azure-analyzer\tests\shared\Schema.Tests.ps1">
        <results>
          <test-suite type="TestFixture" name="New-FindingRow" executed="True" result="Success" success="True" time="0.0135" asserts="0" description="New-FindingRow">
            <results>
              <test-case description="creates a finding with required fields and defaults" name="New-FindingRow.creates a finding with required fields and defaults" time="0.0052" asserts="0" success="True" result="Success" executed="True" />
              <test-case description="throws when required fields are missing" name="New-FindingRow.throws when required fields are missing" time="0.0042" asserts="0" success="True" result="Success" executed="True" />
            </results>
          </test-suite>
          <test-suite type="TestFixture" name="New-EntityStub" executed="True" result="Success" success="True" time="0.0276" asserts="0" description="New-EntityStub">
            <results>
              <test-case description="creates an entity stub with empty observations" name="New-EntityStub.creates an entity stub with empty observations" time="0.0102" asserts="0" success="True" result="Success" executed="True" />
            </results>
          </test-suite>
          <test-suite type="TestFixture" name="Test-FindingRow" executed="True" result="Success" success="True" time="0.0438" asserts="0" description="Test-FindingRow">
            <results>
              <test-case description="returns true for valid finding rows" name="Test-FindingRow.returns true for valid finding rows" time="0.004" asserts="0" success="True" result="Success" executed="True" />
              <test-case description="returns false with errors for non-canonical IDs" name="Test-FindingRow.returns false with errors for non-canonical IDs" time="0.0042" asserts="0" success="True" result="Success" executed="True" />
            </results>
          </test-suite>
        </results>
      </test-suite>
      <test-suite type="TestFixture" name="C:\git\azure-analyzer\tests\shared\WorkerPool.Tests.ps1" executed="True" result="Success" success="True" time="0.262" asserts="0" description="C:\git\azure-analyzer\tests\shared\WorkerPool.Tests.ps1">
        <results>
          <test-suite type="TestFixture" name="WorkerPool module syntax" executed="True" result="Success" success="True" time="0.012" asserts="0" description="WorkerPool module syntax">
            <results>
              <test-case description="parses without syntax errors" name="WorkerPool module syntax.parses without syntax errors" time="0.0084" asserts="0" success="True" result="Success" executed="True" />
            </results>
          </test-suite>
          <test-suite type="TestFixture" name="Invoke-ParallelTools" executed="True" result="Success" success="True" time="0.1991" asserts="0" description="Invoke-ParallelTools">
            <results>
              <test-case description="executes tool scriptblocks in parallel and returns results" name="Invoke-ParallelTools.executes tool scriptblocks in parallel and returns results" time="0.0767" asserts="0" success="True" result="Success" executed="True" />
              <test-case description="captures tool failures without crashing the pool" name="Invoke-ParallelTools.captures tool failures without crashing the pool" time="0.1066" asserts="0" success="True" result="Success" executed="True" />
            </results>
          </test-suite>
        </results>
      </test-suite>
      <test-suite type="TestFixture" name="C:\git\azure-analyzer\tests\wrappers\Wrappers-Remote.Tests.ps1" executed="True" result="Success" success="True" time="0.4271" asserts="0" description="C:\git\azure-analyzer\tests\wrappers\Wrappers-Remote.Tests.ps1">
        <results>
          <test-suite type="TestFixture" name="zizmor wrapper: remote/local routing" executed="True" result="Success" success="True" time="0.1228" asserts="0" description="zizmor wrapper: remote/local routing">
            <results>
              <test-case description="accepts -RemoteUrl parameter" name="zizmor wrapper: remote/local routing.accepts -RemoteUrl parameter" time="0.014" asserts="0" success="True" result="Success" executed="True" />
              <test-case description="rejects non-allow-listed remote URL" name="zizmor wrapper: remote/local routing.rejects non-allow-listed remote URL" time="0.1032" asserts="0" success="True" result="Success" executed="True" />
            </results>
          </test-suite>
          <test-suite type="TestFixture" name="gitleaks wrapper: remote/local routing" executed="True" result="Success" success="True" time="0.2547" asserts="0" description="gitleaks wrapper: remote/local routing">
            <results>
              <test-case description="accepts -RemoteUrl parameter" name="gitleaks wrapper: remote/local routing.accepts -RemoteUrl parameter" time="0.0205" asserts="0" success="True" result="Success" executed="True" />
              <test-case description="rejects non-allow-listed remote URL" name="gitleaks wrapper: remote/local routing.rejects non-allow-listed remote URL" time="0.1053" asserts="0" success="True" result="Success" executed="True" />
            </results>
          </test-suite>
          <test-suite type="TestFixture" name="trivy wrapper: remote/local routing" executed="True" result="Success" success="True" time="0.3638" asserts="0" description="trivy wrapper: remote/local routing">
            <results>
              <test-case description="accepts -RemoteUrl parameter" name="trivy wrapper: remote/local routing.accepts -RemoteUrl parameter" time="0.0104" asserts="0" success="True" result="Success" executed="True" />
              <test-case description="rejects non-allow-listed remote URL" name="trivy wrapper: remote/local routing.rejects non-allow-listed remote URL" time="0.0932" asserts="0" success="True" result="Success" executed="True" />
            </results>
          </test-suite>
        </results>
      </test-suite>
    </results>
  </test-suite>
</test-results>