<?xml version="1.0" encoding="utf-8" standalone="no"?>
<test-results xmlns:xsi="http://www.w3.org/2001/XMLSchema-instance" xsi:noNamespaceSchemaLocation="nunit_schema_2.5.xsd" name="Pester" total="660" errors="0" failures="0" not-run="0" inconclusive="0" ignored="0" skipped="0" invalid="0" date="2026-04-18" time="18:03:50">
  <environment nunit-version="2.5.8.0" clr-version="10.0.5" cwd="C:\git\azure-analyzer-93" user-domain="REDMOND" platform="Microsoft Windows 11 Enterprise|C:\WINDOWS|\Device\Harddisk0\Partition3" user="martinopedal" machine-name="DESKTOP-ILS5UVV" os-version="10.0.26200" />
  <culture-info current-culture="nb-NO" current-uiculture="nb-NO" />
  <test-suite type="TestFixture" name="Pester" executed="True" result="Success" success="True" time="23.3562" asserts="0" description="Pester">
    <results>
      <test-suite type="TestFixture" name="C:\git\azure-analyzer-93\tests\hooks\PreCommit.Tests.ps1" executed="True" result="Success" success="True" time="1.8066" asserts="0" description="C:\git\azure-analyzer-93\tests\hooks\PreCommit.Tests.ps1">
        <results>
          <test-suite type="TestFixture" name="Pre-commit Hook" executed="True" result="Success" success="True" time="0.5303" asserts="0" description="Pre-commit Hook">
            <results>
              <test-case description="Hook script exists" name="Pre-commit Hook.Hook script exists" time="0.1571" asserts="0" success="True" result="Success" executed="True" />
              <test-case description="Hook script has shebang" name="Pre-commit Hook.Hook script has shebang" time="0.0194" asserts="0" success="True" result="Success" executed="True" />
              <test-case description="Hook defines Test-ToolInstalled function" name="Pre-commit Hook.Hook defines Test-ToolInstalled function" time="0.0106" asserts="0" success="True" result="Success" executed="True" />
              <test-case description="Hook defines Get-StagedWorkflowFiles function" name="Pre-commit Hook.Hook defines Get-StagedWorkflowFiles function" time="0.0125" asserts="0" success="True" result="Success" executed="True" />
              <test-case description="Hook defines Invoke-Gitleaks function" name="Pre-commit Hook.Hook defines Invoke-Gitleaks function" time="0.0131" asserts="0" success="True" result="Success" executed="True" />
              <test-case description="Hook defines Invoke-Zizmor function" name="Pre-commit Hook.Hook defines Invoke-Zizmor function" time="0.0135" asserts="0" success="True" result="Success" executed="True" />
              <test-case description="Hook checks for .gitleaks.toml config" name="Pre-commit Hook.Hook checks for .gitleaks.toml config" time="0.011" asserts="0" success="True" result="Success" executed="True" />
              <test-case description="Hook uses --staged --redact flags for gitleaks" name="Pre-commit Hook.Hook uses --staged --redact flags for gitleaks" time="0.0509" asserts="0" success="True" result="Success" executed="True" />
              <test-case description="Hook filters workflow files with regex" name="Pre-commit Hook.Hook filters workflow files with regex" time="0.009" asserts="0" success="True" result="Success" executed="True" />
              <test-case description="Hook exits with non-zero on failure" name="Pre-commit Hook.Hook exits with non-zero on failure" time="0.0123" asserts="0" success="True" result="Success" executed="True" />
            </results>
          </test-suite>
          <test-suite type="TestFixture" name="Install-PreCommitHook Script" executed="True" result="Success" success="True" time="0.6486" asserts="0" description="Install-PreCommitHook Script">
            <results>
              <test-case description="Installer script exists" name="Install-PreCommitHook Script.Installer script exists" time="0.008" asserts="0" success="True" result="Success" executed="True" />
              <test-case description="Installer has shebang" name="Install-PreCommitHook Script.Installer has shebang" time="0.01" asserts="0" success="True" result="Success" executed="True" />
              <test-case description="Installer validates git repository" name="Install-PreCommitHook Script.Installer validates git repository" time="0.0096" asserts="0" success="True" result="Success" executed="True" />
              <test-case description="Installer handles Windows and Unix differently" name="Install-PreCommitHook Script.Installer handles Windows and Unix differently" time="0.0156" asserts="0" success="True" result="Success" executed="True" />
              <test-case description="Installer makes hook executable on Unix" name="Install-PreCommitHook Script.Installer makes hook executable on Unix" time="0.011" asserts="0" success="True" result="Success" executed="True" />
              <test-case description="Installer is idempotent (removes existing hook)" name="Install-PreCommitHook Script.Installer is idempotent (removes existing hook)" time="0.0092" asserts="0" success="True" result="Success" executed="True" />
              <test-case description="Installer uses git-compatible hook wrapper (not batch syntax)" name="Install-PreCommitHook Script.Installer uses git-compatible hook wrapper (not batch syntax)" time="0.0227" asserts="0" success="True" result="Success" executed="True" />
              <test-case description="Installer provides install instructions" name="Install-PreCommitHook Script.Installer provides install instructions" time="0.0134" asserts="0" success="True" result="Success" executed="True" />
            </results>
          </test-suite>
          <test-suite type="TestFixture" name="Hook Behavior (Mocked)" executed="True" result="Success" success="True" time="0.7863" asserts="0" description="Hook Behavior (Mocked)">
            <results>
              <test-case description="Exits 0 when no tools are installed and no checks run" name="Hook Behavior (Mocked).Exits 0 when no tools are installed and no checks run" time="0.0539" asserts="0" success="True" result="Success" executed="True" />
              <test-case description="Detects workflow files by pattern" name="Hook Behavior (Mocked).Detects workflow files by pattern" time="0.0249" asserts="0" success="True" result="Success" executed="True" />
              <test-case description="Workflow diff filter includes renamed files" name="Hook Behavior (Mocked).Workflow diff filter includes renamed files" time="0.0122" asserts="0" success="True" result="Success" executed="True" />
              <test-case description="Gitleaks function signature is correct" name="Hook Behavior (Mocked).Gitleaks function signature is correct" time="0.0114" asserts="0" success="True" result="Success" executed="True" />
              <test-case description="Zizmor function accepts file array" name="Hook Behavior (Mocked).Zizmor function accepts file array" time="0.0118" asserts="0" success="True" result="Success" executed="True" />
            </results>
          </test-suite>
        </results>
      </test-suite>
      <test-suite type="TestFixture" name="C:\git\azure-analyzer-93\tests\normalizers\Normalize-ADOConnections.Tests.ps1" executed="True" result="Success" success="True" time="0.8216" asserts="0" description="C:\git\azure-analyzer-93\tests\normalizers\Normalize-ADOConnections.Tests.ps1">
        <results>
          <test-suite type="TestFixture" name="Normalize-ADOConnections" executed="True" result="Success" success="True" time="0.5884" asserts="0" description="Normalize-ADOConnections">
            <results>
              <test-suite type="TestFixture" name="Normalize-ADOConnections.v3 schema conversion" executed="True" result="Success" success="True" time="0.1801" asserts="0" description="Normalize-ADOConnections.v3 schema conversion">
                <results>
                  <test-case description="returns the correct number of findings" name="Normalize-ADOConnections.v3 schema conversion.returns the correct number of findings" time="0.0078" asserts="0" success="True" result="Success" executed="True" />
                  <test-case description="sets SchemaVersion to 2.0" name="Normalize-ADOConnections.v3 schema conversion.sets SchemaVersion to 2.0" time="0.0116" asserts="0" success="True" result="Success" executed="True" />
                  <test-case description="sets Source to ado-connections" name="Normalize-ADOConnections.v3 schema conversion.sets Source to ado-connections" time="0.0099" asserts="0" success="True" result="Success" executed="True" />
                  <test-case description="sets Platform to ADO" name="Normalize-ADOConnections.v3 schema conversion.sets Platform to ADO" time="0.0113" asserts="0" success="True" result="Success" executed="True" />
                  <test-case description="sets EntityType to ServiceConnection" name="Normalize-ADOConnections.v3 schema conversion.sets EntityType to ServiceConnection" time="0.01" asserts="0" success="True" result="Success" executed="True" />
                </results>
              </test-suite>
              <test-suite type="TestFixture" name="Normalize-ADOConnections.CanonicalId normalization" executed="True" result="Success" success="True" time="0.2687" asserts="0" description="Normalize-ADOConnections.CanonicalId normalization">
                <results>
                  <test-case description="lowercases EntityId" name="Normalize-ADOConnections.CanonicalId normalization.lowercases EntityId" time="0.0203" asserts="0" success="True" result="Success" executed="True" />
                  <test-case description="has ado:// prefix in EntityId" name="Normalize-ADOConnections.CanonicalId normalization.has ado:// prefix in EntityId" time="0.0089" asserts="0" success="True" result="Success" executed="True" />
                  <test-case description="includes org/project/serviceconnection/name in EntityId" name="Normalize-ADOConnections.CanonicalId normalization.includes org/project/serviceconnection/name in EntityId" time="0.0097" asserts="0" success="True" result="Success" executed="True" />
                </results>
              </test-suite>
              <test-suite type="TestFixture" name="Normalize-ADOConnections.Service Connection category" executed="True" result="Success" success="True" time="0.294" asserts="0" description="Normalize-ADOConnections.Service Connection category">
                <results>
                  <test-case description="sets Category to Service Connection" name="Normalize-ADOConnections.Service Connection category.sets Category to Service Connection" time="0.0114" asserts="0" success="True" result="Success" executed="True" />
                </results>
              </test-suite>
              <test-suite type="TestFixture" name="Normalize-ADOConnections.field preservation" executed="True" result="Success" success="True" time="0.3786" asserts="0" description="Normalize-ADOConnections.field preservation">
                <results>
                  <test-case description="all findings are compliant (inventory mode)" name="Normalize-ADOConnections.field preservation.all findings are compliant (inventory mode)" time="0.0196" asserts="0" success="True" result="Success" executed="True" />
                  <test-case description="all findings have Info severity" name="Normalize-ADOConnections.field preservation.all findings have Info severity" time="0.0125" asserts="0" success="True" result="Success" executed="True" />
                  <test-case description="preserves Title" name="Normalize-ADOConnections.field preservation.preserves Title" time="0.0232" asserts="0" success="True" result="Success" executed="True" />
                  <test-case description="preserves Detail with auth info" name="Normalize-ADOConnections.field preservation.preserves Detail with auth info" time="0.0111" asserts="0" success="True" result="Success" executed="True" />
                </results>
              </test-suite>
              <test-suite type="TestFixture" name="Normalize-ADOConnections.no Azure subscription context" executed="True" result="Success" success="True" time="0.4346" asserts="0" description="Normalize-ADOConnections.no Azure subscription context">
                <results>
                  <test-case description="does not set SubscriptionId for ADO connections" name="Normalize-ADOConnections.no Azure subscription context.does not set SubscriptionId for ADO connections" time="0.0168" asserts="0" success="True" result="Success" executed="True" />
                  <test-case description="does not set ResourceGroup for ADO connections" name="Normalize-ADOConnections.no Azure subscription context.does not set ResourceGroup for ADO connections" time="0.013" asserts="0" success="True" result="Success" executed="True" />
                </results>
              </test-suite>
              <test-suite type="TestFixture" name="Normalize-ADOConnections.error handling" executed="True" result="Success" success="True" time="0.5073" asserts="0" description="Normalize-ADOConnections.error handling">
                <results>
                  <test-case description="returns empty array for failed tool output" name="Normalize-ADOConnections.error handling.returns empty array for failed tool output" time="0.0092" asserts="0" success="True" result="Success" executed="True" />
                  <test-case description="returns empty array for null Findings" name="Normalize-ADOConnections.error handling.returns empty array for null Findings" time="0.0082" asserts="0" success="True" result="Success" executed="True" />
                  <test-case description="returns empty array for empty Findings" name="Normalize-ADOConnections.error handling.returns empty array for empty Findings" time="0.0071" asserts="0" success="True" result="Success" executed="True" />
                  <test-case description="processes PartialSuccess findings normally" name="Normalize-ADOConnections.error handling.processes PartialSuccess findings normally" time="0.0186" asserts="0" success="True" result="Success" executed="True" />
                  <test-case description="handles missing optional fields gracefully" name="Normalize-ADOConnections.error handling.handles missing optional fields gracefully" time="0.0181" asserts="0" success="True" result="Success" executed="True" />
                </results>
              </test-suite>
              <test-suite type="TestFixture" name="Normalize-ADOConnections.Provenance tracking" executed="True" result="Success" success="True" time="0.5626" asserts="0" description="Normalize-ADOConnections.Provenance tracking">
                <results>
                  <test-case description="sets Provenance.RunId consistently across all findings" name="Normalize-ADOConnections.Provenance tracking.sets Provenance.RunId consistently across all findings" time="0.0169" asserts="0" success="True" result="Success" executed="True" />
                  <test-case description="sets Provenance.Source to ado-connections" name="Normalize-ADOConnections.Provenance tracking.sets Provenance.Source to ado-connections" time="0.0138" asserts="0" success="True" result="Success" executed="True" />
                </results>
              </test-suite>
            </results>
          </test-suite>
        </results>
      </test-suite>
      <test-suite type="TestFixture" name="C:\git\azure-analyzer-93\tests\normalizers\Normalize-AlzQueries.Tests.ps1" executed="True" result="Success" success="True" time="0.53" asserts="0" description="C:\git\azure-analyzer-93\tests\normalizers\Normalize-AlzQueries.Tests.ps1">
        <results>
          <test-suite type="TestFixture" name="Normalize-AlzQueries" executed="True" result="Success" success="True" time="0.3312" asserts="0" description="Normalize-AlzQueries">
            <results>
              <test-suite type="TestFixture" name="Normalize-AlzQueries.v3 schema conversion" executed="True" result="Success" success="True" time="0.0962" asserts="0" description="Normalize-AlzQueries.v3 schema conversion">
                <results>
                  <test-case description="returns the correct number of findings" name="Normalize-AlzQueries.v3 schema conversion.returns the correct number of findings" time="0.0084" asserts="0" success="True" result="Success" executed="True" />
                  <test-case description="sets SchemaVersion to 2.0" name="Normalize-AlzQueries.v3 schema conversion.sets SchemaVersion to 2.0" time="0.0143" asserts="0" success="True" result="Success" executed="True" />
                  <test-case description="sets Source to alz-queries" name="Normalize-AlzQueries.v3 schema conversion.sets Source to alz-queries" time="0.0133" asserts="0" success="True" result="Success" executed="True" />
                  <test-case description="sets Platform to Azure" name="Normalize-AlzQueries.v3 schema conversion.sets Platform to Azure" time="0.011" asserts="0" success="True" result="Success" executed="True" />
                  <test-case description="sets EntityType to AzureResource" name="Normalize-AlzQueries.v3 schema conversion.sets EntityType to AzureResource" time="0.0116" asserts="0" success="True" result="Success" executed="True" />
                </results>
              </test-suite>
              <test-suite type="TestFixture" name="Normalize-AlzQueries.CanonicalId normalization" executed="True" result="Success" success="True" time="0.1501" asserts="0" description="Normalize-AlzQueries.CanonicalId normalization">
                <results>
                  <test-case description="lowercases the ARM ResourceId into EntityId" name="Normalize-AlzQueries.CanonicalId normalization.lowercases the ARM ResourceId into EntityId" time="0.0119" asserts="0" success="True" result="Success" executed="True" />
                  <test-case description="does not have a trailing slash on EntityId" name="Normalize-AlzQueries.CanonicalId normalization.does not have a trailing slash on EntityId" time="0.0109" asserts="0" success="True" result="Success" executed="True" />
                </results>
              </test-suite>
              <test-suite type="TestFixture" name="Normalize-AlzQueries.ARM path parsing" executed="True" result="Success" success="True" time="0.2032" asserts="0" description="Normalize-AlzQueries.ARM path parsing">
                <results>
                  <test-case description="parses SubscriptionId from ARM ResourceId" name="Normalize-AlzQueries.ARM path parsing.parses SubscriptionId from ARM ResourceId" time="0.0183" asserts="0" success="True" result="Success" executed="True" />
                  <test-case description="parses ResourceGroup from ARM ResourceId" name="Normalize-AlzQueries.ARM path parsing.parses ResourceGroup from ARM ResourceId" time="0.0164" asserts="0" success="True" result="Success" executed="True" />
                </results>
              </test-suite>
              <test-suite type="TestFixture" name="Normalize-AlzQueries.field preservation" executed="True" result="Success" success="True" time="0.2634" asserts="0" description="Normalize-AlzQueries.field preservation">
                <results>
                  <test-case description="preserves Compliant boolean correctly" name="Normalize-AlzQueries.field preservation.preserves Compliant boolean correctly" time="0.0122" asserts="0" success="True" result="Success" executed="True" />
                  <test-case description="preserves Severity values" name="Normalize-AlzQueries.field preservation.preserves Severity values" time="0.0088" asserts="0" success="True" result="Success" executed="True" />
                  <test-case description="preserves Category values" name="Normalize-AlzQueries.field preservation.preserves Category values" time="0.0117" asserts="0" success="True" result="Success" executed="True" />
                  <test-case description="preserves Title" name="Normalize-AlzQueries.field preservation.preserves Title" time="0.0053" asserts="0" success="True" result="Success" executed="True" />
                  <test-case description="preserves Detail" name="Normalize-AlzQueries.field preservation.preserves Detail" time="0.0054" asserts="0" success="True" result="Success" executed="True" />
                </results>
              </test-suite>
              <test-suite type="TestFixture" name="Normalize-AlzQueries.error handling" executed="True" result="Success" success="True" time="0.3127" asserts="0" description="Normalize-AlzQueries.error handling">
                <results>
                  <test-case description="returns empty array for failed tool output" name="Normalize-AlzQueries.error handling.returns empty array for failed tool output" time="0.0108" asserts="0" success="True" result="Success" executed="True" />
                  <test-case description="returns empty array for null Findings" name="Normalize-AlzQueries.error handling.returns empty array for null Findings" time="0.0076" asserts="0" success="True" result="Success" executed="True" />
                  <test-case description="returns empty array for empty Findings" name="Normalize-AlzQueries.error handling.returns empty array for empty Findings" time="0.0069" asserts="0" success="True" result="Success" executed="True" />
                  <test-case description="handles missing optional fields gracefully" name="Normalize-AlzQueries.error handling.handles missing optional fields gracefully" time="0.012" asserts="0" success="True" result="Success" executed="True" />
                </results>
              </test-suite>
            </results>
          </test-suite>
        </results>
      </test-suite>
      <test-suite type="TestFixture" name="C:\git\azure-analyzer-93\tests\normalizers\Normalize-AzGovViz.Tests.ps1" executed="True" result="Success" success="True" time="0.4705" asserts="0" description="C:\git\azure-analyzer-93\tests\normalizers\Normalize-AzGovViz.Tests.ps1">
        <results>
          <test-suite type="TestFixture" name="Normalize-AzGovViz" executed="True" result="Success" success="True" time="0.3001" asserts="0" description="Normalize-AzGovViz">
            <results>
              <test-suite type="TestFixture" name="Normalize-AzGovViz.v3 schema conversion" executed="True" result="Success" success="True" time="0.0835" asserts="0" description="Normalize-AzGovViz.v3 schema conversion">
                <results>
                  <test-case description="returns the correct number of findings" name="Normalize-AzGovViz.v3 schema conversion.returns the correct number of findings" time="0.006" asserts="0" success="True" result="Success" executed="True" />
                  <test-case description="sets SchemaVersion to 2.0" name="Normalize-AzGovViz.v3 schema conversion.sets SchemaVersion to 2.0" time="0.0072" asserts="0" success="True" result="Success" executed="True" />
                  <test-case description="sets Source to azgovviz" name="Normalize-AzGovViz.v3 schema conversion.sets Source to azgovviz" time="0.0088" asserts="0" success="True" result="Success" executed="True" />
                  <test-case description="sets Platform to Azure" name="Normalize-AzGovViz.v3 schema conversion.sets Platform to Azure" time="0.0075" asserts="0" success="True" result="Success" executed="True" />
                </results>
              </test-suite>
              <test-suite type="TestFixture" name="Normalize-AzGovViz.entity type mapping" executed="True" result="Success" success="True" time="0.1316" asserts="0" description="Normalize-AzGovViz.entity type mapping">
                <results>
                  <test-case description="maps subscription-scoped findings to Subscription EntityType" name="Normalize-AzGovViz.entity type mapping.maps subscription-scoped findings to Subscription EntityType" time="0.0098" asserts="0" success="True" result="Success" executed="True" />
                  <test-case description="maps governance findings without ResourceId to ManagementGroup EntityType" name="Normalize-AzGovViz.entity type mapping.maps governance findings without ResourceId to ManagementGroup EntityType" time="0.0106" asserts="0" success="True" result="Success" executed="True" />
                  <test-case description="uses stable canonical IDs for MG findings (not random GUIDs)" name="Normalize-AzGovViz.entity type mapping.uses stable canonical IDs for MG findings (not random GUIDs)" time="0.0105" asserts="0" success="True" result="Success" executed="True" />
                </results>
              </test-suite>
              <test-suite type="TestFixture" name="Normalize-AzGovViz.CanonicalId normalization" executed="True" result="Success" success="True" time="0.1573" asserts="0" description="Normalize-AzGovViz.CanonicalId normalization">
                <results>
                  <test-case description="lowercases EntityId" name="Normalize-AzGovViz.CanonicalId normalization.lowercases EntityId" time="0.0082" asserts="0" success="True" result="Success" executed="True" />
                </results>
              </test-suite>
              <test-suite type="TestFixture" name="Normalize-AzGovViz.subscription parsing" executed="True" result="Success" success="True" time="0.1905" asserts="0" description="Normalize-AzGovViz.subscription parsing">
                <results>
                  <test-case description="parses SubscriptionId for subscription-scoped findings" name="Normalize-AzGovViz.subscription parsing.parses SubscriptionId for subscription-scoped findings" time="0.0164" asserts="0" success="True" result="Success" executed="True" />
                </results>
              </test-suite>
              <test-suite type="TestFixture" name="Normalize-AzGovViz.field preservation" executed="True" result="Success" success="True" time="0.2495" asserts="0" description="Normalize-AzGovViz.field preservation">
                <results>
                  <test-case description="preserves Compliant boolean correctly" name="Normalize-AzGovViz.field preservation.preserves Compliant boolean correctly" time="0.0078" asserts="0" success="True" result="Success" executed="True" />
                  <test-case description="preserves Severity values" name="Normalize-AzGovViz.field preservation.preserves Severity values" time="0.0073" asserts="0" success="True" result="Success" executed="True" />
                  <test-case description="preserves Category values" name="Normalize-AzGovViz.field preservation.preserves Category values" time="0.0099" asserts="0" success="True" result="Success" executed="True" />
                  <test-case description="preserves Title" name="Normalize-AzGovViz.field preservation.preserves Title" time="0.0071" asserts="0" success="True" result="Success" executed="True" />
                </results>
              </test-suite>
              <test-suite type="TestFixture" name="Normalize-AzGovViz.error handling" executed="True" result="Success" success="True" time="0.2849" asserts="0" description="Normalize-AzGovViz.error handling">
                <results>
                  <test-case description="returns empty array for failed tool output" name="Normalize-AzGovViz.error handling.returns empty array for failed tool output" time="0.0069" asserts="0" success="True" result="Success" executed="True" />
                  <test-case description="returns empty array for null Findings" name="Normalize-AzGovViz.error handling.returns empty array for null Findings" time="0.0065" asserts="0" success="True" result="Success" executed="True" />
                  <test-case description="returns empty array for empty Findings" name="Normalize-AzGovViz.error handling.returns empty array for empty Findings" time="0.006" asserts="0" success="True" result="Success" executed="True" />
                  <test-case description="handles missing optional fields gracefully" name="Normalize-AzGovViz.error handling.handles missing optional fields gracefully" time="0.0081" asserts="0" success="True" result="Success" executed="True" />
                </results>
              </test-suite>
            </results>
          </test-suite>
        </results>
      </test-suite>
      <test-suite type="TestFixture" name="C:\git\azure-analyzer-93\tests\normalizers\Normalize-Azqr.Tests.ps1" executed="True" result="Success" success="True" time="0.5241" asserts="0" description="C:\git\azure-analyzer-93\tests\normalizers\Normalize-Azqr.Tests.ps1">
        <results>
          <test-suite type="TestFixture" name="Normalize-Azqr" executed="True" result="Success" success="True" time="0.3277" asserts="0" description="Normalize-Azqr">
            <results>
              <test-suite type="TestFixture" name="Normalize-Azqr.v3 schema conversion" executed="True" result="Success" success="True" time="0.0733" asserts="0" description="Normalize-Azqr.v3 schema conversion">
                <results>
                  <test-case description="returns the correct number of findings" name="Normalize-Azqr.v3 schema conversion.returns the correct number of findings" time="0.0061" asserts="0" success="True" result="Success" executed="True" />
                  <test-case description="sets SchemaVersion to 2.0" name="Normalize-Azqr.v3 schema conversion.sets SchemaVersion to 2.0" time="0.0099" asserts="0" success="True" result="Success" executed="True" />
                  <test-case description="sets Source to azqr" name="Normalize-Azqr.v3 schema conversion.sets Source to azqr" time="0.0107" asserts="0" success="True" result="Success" executed="True" />
                  <test-case description="sets Platform to Azure" name="Normalize-Azqr.v3 schema conversion.sets Platform to Azure" time="0.009" asserts="0" success="True" result="Success" executed="True" />
                  <test-case description="sets EntityType to AzureResource" name="Normalize-Azqr.v3 schema conversion.sets EntityType to AzureResource" time="0.0087" asserts="0" success="True" result="Success" executed="True" />
                </results>
              </test-suite>
              <test-suite type="TestFixture" name="Normalize-Azqr.CanonicalId normalization" executed="True" result="Success" success="True" time="0.1233" asserts="0" description="Normalize-Azqr.CanonicalId normalization">
                <results>
                  <test-case description="lowercases the ARM ResourceId into EntityId" name="Normalize-Azqr.CanonicalId normalization.lowercases the ARM ResourceId into EntityId" time="0.0111" asserts="0" success="True" result="Success" executed="True" />
                  <test-case description="does not have a trailing slash on EntityId" name="Normalize-Azqr.CanonicalId normalization.does not have a trailing slash on EntityId" time="0.0095" asserts="0" success="True" result="Success" executed="True" />
                </results>
              </test-suite>
              <test-suite type="TestFixture" name="Normalize-Azqr.ARM path parsing" executed="True" result="Success" success="True" time="0.1784" asserts="0" description="Normalize-Azqr.ARM path parsing">
                <results>
                  <test-case description="parses SubscriptionId from ARM ResourceId" name="Normalize-Azqr.ARM path parsing.parses SubscriptionId from ARM ResourceId" time="0.0169" asserts="0" success="True" result="Success" executed="True" />
                  <test-case description="parses ResourceGroup from ARM ResourceId" name="Normalize-Azqr.ARM path parsing.parses ResourceGroup from ARM ResourceId" time="0.0132" asserts="0" success="True" result="Success" executed="True" />
                </results>
              </test-suite>
              <test-suite type="TestFixture" name="Normalize-Azqr.field preservation" executed="True" result="Success" success="True" time="0.2412" asserts="0" description="Normalize-Azqr.field preservation">
                <results>
                  <test-case description="preserves Compliant boolean correctly" name="Normalize-Azqr.field preservation.preserves Compliant boolean correctly" time="0.0099" asserts="0" success="True" result="Success" executed="True" />
                  <test-case description="preserves Severity values" name="Normalize-Azqr.field preservation.preserves Severity values" time="0.0117" asserts="0" success="True" result="Success" executed="True" />
                  <test-case description="preserves Category values" name="Normalize-Azqr.field preservation.preserves Category values" time="0.0091" asserts="0" success="True" result="Success" executed="True" />
                  <test-case description="preserves Title" name="Normalize-Azqr.field preservation.preserves Title" time="0.0066" asserts="0" success="True" result="Success" executed="True" />
                  <test-case description="preserves Detail" name="Normalize-Azqr.field preservation.preserves Detail" time="0.0055" asserts="0" success="True" result="Success" executed="True" />
                </results>
              </test-suite>
              <test-suite type="TestFixture" name="Normalize-Azqr.error handling" executed="True" result="Success" success="True" time="0.3052" asserts="0" description="Normalize-Azqr.error handling">
                <results>
                  <test-case description="returns empty array for failed tool output" name="Normalize-Azqr.error handling.returns empty array for failed tool output" time="0.0062" asserts="0" success="True" result="Success" executed="True" />
                  <test-case description="returns empty array for null Findings" name="Normalize-Azqr.error handling.returns empty array for null Findings" time="0.0085" asserts="0" success="True" result="Success" executed="True" />
                  <test-case description="returns empty array for empty Findings" name="Normalize-Azqr.error handling.returns empty array for empty Findings" time="0.0138" asserts="0" success="True" result="Success" executed="True" />
                  <test-case description="handles missing optional fields gracefully" name="Normalize-Azqr.error handling.handles missing optional fields gracefully" time="0.0114" asserts="0" success="True" result="Success" executed="True" />
                  <test-case description="uses canonical ARM-shaped fallback EntityId when ResourceId is missing" name="Normalize-Azqr.error handling.uses canonical ARM-shaped fallback EntityId when ResourceId is missing" time="0.0149" asserts="0" success="True" result="Success" executed="True" />
                </results>
              </test-suite>
            </results>
          </test-suite>
        </results>
      </test-suite>
      <test-suite type="TestFixture" name="C:\git\azure-analyzer-93\tests\normalizers\Normalize-AzureCost.Tests.ps1" executed="True" result="Success" success="True" time="0.2738" asserts="0" description="C:\git\azure-analyzer-93\tests\normalizers\Normalize-AzureCost.Tests.ps1">
        <results>
          <test-suite type="TestFixture" name="Normalize-AzureCost" executed="True" result="Success" success="True" time="0.1854" asserts="0" description="Normalize-AzureCost">
            <results>
              <test-case description="returns empty array when Status is not Success" name="Normalize-AzureCost.returns empty array when Status is not Success" time="0.0115" asserts="0" success="True" result="Success" executed="True" />
              <test-case description="emits one Subscription finding + two AzureResource findings" name="Normalize-AzureCost.emits one Subscription finding + two AzureResource findings" time="0.0291" asserts="0" success="True" result="Success" executed="True" />
              <test-case description="every row has Severity=Info / Compliant=true / Category=Cost / Platform=Azure" name="Normalize-AzureCost.every row has Severity=Info / Compliant=true / Category=Cost / Platform=Azure" time="0.0345" asserts="0" success="True" result="Success" executed="True" />
              <test-case description="attaches MonthlyCost and Currency to each finding" name="Normalize-AzureCost.attaches MonthlyCost and Currency to each finding" time="0.0414" asserts="0" success="True" result="Success" executed="True" />
              <test-case description="canonicalizes resource IDs and pulls SubscriptionId / ResourceGroup from them" name="Normalize-AzureCost.canonicalizes resource IDs and pulls SubscriptionId / ResourceGroup from them" time="0.0192" asserts="0" success="True" result="Success" executed="True" />
            </results>
          </test-suite>
        </results>
      </test-suite>
      <test-suite type="TestFixture" name="C:\git\azure-analyzer-93\tests\normalizers\Normalize-DefenderForCloud.Tests.ps1" executed="True" result="Success" success="True" time="0.2916" asserts="0" description="C:\git\azure-analyzer-93\tests\normalizers\Normalize-DefenderForCloud.Tests.ps1">
        <results>
          <test-suite type="TestFixture" name="Normalize-DefenderForCloud" executed="True" result="Success" success="True" time="0.1799" asserts="0" description="Normalize-DefenderForCloud">
            <results>
              <test-case description="returns empty array when Status is not Success" name="Normalize-DefenderForCloud.returns empty array when Status is not Success" time="0.0112" asserts="0" success="True" result="Success" executed="True" />
              <test-case description="emits findings split between Subscription (score + subscription-scoped assessment) and AzureResource" name="Normalize-DefenderForCloud.emits findings split between Subscription (score + subscription-scoped assessment) and AzureResource" time="0.0245" asserts="0" success="True" result="Success" executed="True" />
              <test-case description="Secure Score surfaces as Severity=Info / Compliant=true with score fields attached" name="Normalize-DefenderForCloud.Secure Score surfaces as Severity=Info / Compliant=true with score fields attached" time="0.0257" asserts="0" success="True" result="Success" executed="True" />
              <test-case description="MFA assessment is High + Compliant=false + on subscription scope" name="Normalize-DefenderForCloud.MFA assessment is High + Compliant=false + on subscription scope" time="0.0176" asserts="0" success="True" result="Success" executed="True" />
              <test-case description="Storage assessment folds onto canonical AzureResource with SubscriptionId + ResourceGroup" name="Normalize-DefenderForCloud.Storage assessment folds onto canonical AzureResource with SubscriptionId + ResourceGroup" time="0.0192" asserts="0" success="True" result="Success" executed="True" />
              <test-case description="every row has Source=defender-for-cloud and Platform=Azure" name="Normalize-DefenderForCloud.every row has Source=defender-for-cloud and Platform=Azure" time="0.0302" asserts="0" success="True" result="Success" executed="True" />
            </results>
          </test-suite>
        </results>
      </test-suite>
      <test-suite type="TestFixture" name="C:\git\azure-analyzer-93\tests\normalizers\Normalize-Falco.Tests.ps1" executed="True" result="Success" success="True" time="0.3054" asserts="0" description="C:\git\azure-analyzer-93\tests\normalizers\Normalize-Falco.Tests.ps1">
        <results>
          <test-suite type="TestFixture" name="Normalize-Falco" executed="True" result="Success" success="True" time="0.2145" asserts="0" description="Normalize-Falco">
            <results>
              <test-case description="returns empty array when Status is not Success" name="Normalize-Falco.returns empty array when Status is not Success" time="0.0117" asserts="0" success="True" result="Success" executed="True" />
              <test-case description="emits one FindingRow per Falco alert" name="Normalize-Falco.emits one FindingRow per Falco alert" time="0.0309" asserts="0" success="True" result="Success" executed="True" />
              <test-case description="maps each row to AKS AzureResource entity and expected category" name="Normalize-Falco.maps each row to AKS AzureResource entity and expected category" time="0.0703" asserts="0" success="True" result="Success" executed="True" />
              <test-case description="maps Falco priority to severity (Critical/Error/Warning/Notice)" name="Normalize-Falco.maps Falco priority to severity (Critical/Error/Warning/Notice)" time="0.0283" asserts="0" success="True" result="Success" executed="True" />
              <test-case description="preserves RuleName/Pod/Process metadata" name="Normalize-Falco.preserves RuleName/Pod/Process metadata" time="0.0207" asserts="0" success="True" result="Success" executed="True" />
            </results>
          </test-suite>
        </results>
      </test-suite>
      <test-suite type="TestFixture" name="C:\git\azure-analyzer-93\tests\normalizers\Normalize-Gitleaks.Tests.ps1" executed="True" result="Success" success="True" time="0.5783" asserts="0" description="C:\git\azure-analyzer-93\tests\normalizers\Normalize-Gitleaks.Tests.ps1">
        <results>
          <test-suite type="TestFixture" name="Normalize-Gitleaks" executed="True" result="Success" success="True" time="0.392" asserts="0" description="Normalize-Gitleaks">
            <results>
              <test-suite type="TestFixture" name="Normalize-Gitleaks.v3 schema conversion" executed="True" result="Success" success="True" time="0.0686" asserts="0" description="Normalize-Gitleaks.v3 schema conversion">
                <results>
                  <test-case description="returns the correct number of findings" name="Normalize-Gitleaks.v3 schema conversion.returns the correct number of findings" time="0.0066" asserts="0" success="True" result="Success" executed="True" />
                  <test-case description="sets SchemaVersion to 2.0" name="Normalize-Gitleaks.v3 schema conversion.sets SchemaVersion to 2.0" time="0.0092" asserts="0" success="True" result="Success" executed="True" />
                  <test-case description="sets Source to gitleaks" name="Normalize-Gitleaks.v3 schema conversion.sets Source to gitleaks" time="0.0069" asserts="0" success="True" result="Success" executed="True" />
                  <test-case description="sets Platform to GitHub" name="Normalize-Gitleaks.v3 schema conversion.sets Platform to GitHub" time="0.0081" asserts="0" success="True" result="Success" executed="True" />
                  <test-case description="sets EntityType to Repository" name="Normalize-Gitleaks.v3 schema conversion.sets EntityType to Repository" time="0.0076" asserts="0" success="True" result="Success" executed="True" />
                </results>
              </test-suite>
              <test-suite type="TestFixture" name="Normalize-Gitleaks.CanonicalId normalization" executed="True" result="Success" success="True" time="0.1423" asserts="0" description="Normalize-Gitleaks.CanonicalId normalization">
                <results>
                  <test-case description="uses canonical repository EntityId" name="Normalize-Gitleaks.CanonicalId normalization.uses canonical repository EntityId" time="0.0084" asserts="0" success="True" result="Success" executed="True" />
                  <test-case description="lowercases ResourceId path" name="Normalize-Gitleaks.CanonicalId normalization.lowercases ResourceId path" time="0.0088" asserts="0" success="True" result="Success" executed="True" />
                  <test-case description="uses forward slashes in ResourceId path" name="Normalize-Gitleaks.CanonicalId normalization.uses forward slashes in ResourceId path" time="0.0082" asserts="0" success="True" result="Success" executed="True" />
                  <test-case description="has non-empty ResourceId path" name="Normalize-Gitleaks.CanonicalId normalization.has non-empty ResourceId path" time="0.009" asserts="0" success="True" result="Success" executed="True" />
                  <test-case description="canonicalizes repository EntityId" name="Normalize-Gitleaks.CanonicalId normalization.canonicalizes repository EntityId" time="0.0144" asserts="0" success="True" result="Success" executed="True" />
                  <test-case description="normalizes ResourceId with canonical slashes/lowercase" name="Normalize-Gitleaks.CanonicalId normalization.normalizes ResourceId with canonical slashes/lowercase" time="0.0078" asserts="0" success="True" result="Success" executed="True" />
                </results>
              </test-suite>
              <test-suite type="TestFixture" name="Normalize-Gitleaks.Secret Detection category" executed="True" result="Success" success="True" time="0.1611" asserts="0" description="Normalize-Gitleaks.Secret Detection category">
                <results>
                  <test-case description="preserves Secret Detection category" name="Normalize-Gitleaks.Secret Detection category.preserves Secret Detection category" time="0.008" asserts="0" success="True" result="Success" executed="True" />
                </results>
              </test-suite>
              <test-suite type="TestFixture" name="Normalize-Gitleaks.severity mapping" executed="True" result="Success" success="True" time="0.1795" asserts="0" description="Normalize-Gitleaks.severity mapping">
                <results>
                  <test-case description="maps High severity for secret findings" name="Normalize-Gitleaks.severity mapping.maps High severity for secret findings" time="0.0047" asserts="0" success="True" result="Success" executed="True" />
                  <test-case description="maps Medium severity for non-secret findings" name="Normalize-Gitleaks.severity mapping.maps Medium severity for non-secret findings" time="0.0034" asserts="0" success="True" result="Success" executed="True" />
                </results>
              </test-suite>
              <test-suite type="TestFixture" name="Normalize-Gitleaks.field preservation" executed="True" result="Success" success="True" time="0.2377" asserts="0" description="Normalize-Gitleaks.field preservation">
                <results>
                  <test-case description="preserves Compliant boolean correctly (all false for secret findings)" name="Normalize-Gitleaks.field preservation.preserves Compliant boolean correctly (all false for secret findings)" time="0.0081" asserts="0" success="True" result="Success" executed="True" />
                  <test-case description="preserves Title" name="Normalize-Gitleaks.field preservation.preserves Title" time="0.0077" asserts="0" success="True" result="Success" executed="True" />
                  <test-case description="preserves Detail" name="Normalize-Gitleaks.field preservation.preserves Detail" time="0.0066" asserts="0" success="True" result="Success" executed="True" />
                  <test-case description="preserves Remediation" name="Normalize-Gitleaks.field preservation.preserves Remediation" time="0.0077" asserts="0" success="True" result="Success" executed="True" />
                  <test-case description="preserves LearnMoreUrl" name="Normalize-Gitleaks.field preservation.preserves LearnMoreUrl" time="0.0049" asserts="0" success="True" result="Success" executed="True" />
                  <test-case description="preserves finding Id from fingerprint" name="Normalize-Gitleaks.field preservation.preserves finding Id from fingerprint" time="0.0049" asserts="0" success="True" result="Success" executed="True" />
                </results>
              </test-suite>
              <test-suite type="TestFixture" name="Normalize-Gitleaks.no Azure subscription context" executed="True" result="Success" success="True" time="0.2703" asserts="0" description="Normalize-Gitleaks.no Azure subscription context">
                <results>
                  <test-case description="does not set SubscriptionId" name="Normalize-Gitleaks.no Azure subscription context.does not set SubscriptionId" time="0.0076" asserts="0" success="True" result="Success" executed="True" />
                  <test-case description="does not set ResourceGroup" name="Normalize-Gitleaks.no Azure subscription context.does not set ResourceGroup" time="0.0082" asserts="0" success="True" result="Success" executed="True" />
                </results>
              </test-suite>
              <test-suite type="TestFixture" name="Normalize-Gitleaks.provenance tracking" executed="True" result="Success" success="True" time="0.3062" asserts="0" description="Normalize-Gitleaks.provenance tracking">
                <results>
                  <test-case description="sets Provenance.Source to gitleaks" name="Normalize-Gitleaks.provenance tracking.sets Provenance.Source to gitleaks" time="0.0082" asserts="0" success="True" result="Success" executed="True" />
                  <test-case description="sets a non-empty Provenance.RunId" name="Normalize-Gitleaks.provenance tracking.sets a non-empty Provenance.RunId" time="0.005" asserts="0" success="True" result="Success" executed="True" />
                  <test-case description="shares the same RunId across all findings" name="Normalize-Gitleaks.provenance tracking.shares the same RunId across all findings" time="0.0063" asserts="0" success="True" result="Success" executed="True" />
                </results>
              </test-suite>
              <test-suite type="TestFixture" name="Normalize-Gitleaks.error handling" executed="True" result="Success" success="True" time="0.335" asserts="0" description="Normalize-Gitleaks.error handling">
                <results>
                  <test-case description="returns empty array for failed tool output" name="Normalize-Gitleaks.error handling.returns empty array for failed tool output" time="0.005" asserts="0" success="True" result="Success" executed="True" />
                  <test-case description="returns empty array for null Findings" name="Normalize-Gitleaks.error handling.returns empty array for null Findings" time="0.0042" asserts="0" success="True" result="Success" executed="True" />
                  <test-case description="returns empty array for empty Findings" name="Normalize-Gitleaks.error handling.returns empty array for empty Findings" time="0.0039" asserts="0" success="True" result="Success" executed="True" />
                  <test-case description="handles missing optional fields gracefully" name="Normalize-Gitleaks.error handling.handles missing optional fields gracefully" time="0.0064" asserts="0" success="True" result="Success" executed="True" />
                </results>
              </test-suite>
              <test-suite type="TestFixture" name="Normalize-Gitleaks.backslash path normalization" executed="True" result="Success" success="True" time="0.3566" asserts="0" description="Normalize-Gitleaks.backslash path normalization">
                <results>
                  <test-case description="converts backslashes to forward slashes in EntityId" name="Normalize-Gitleaks.backslash path normalization.converts backslashes to forward slashes in EntityId" time="0.0119" asserts="0" success="True" result="Success" executed="True" />
                </results>
              </test-suite>
            </results>
          </test-suite>
        </results>
      </test-suite>
      <test-suite type="TestFixture" name="C:\git\azure-analyzer-93\tests\normalizers\Normalize-IaCBicep.Tests.ps1" executed="True" result="Success" success="True" time="0.6384" asserts="0" description="C:\git\azure-analyzer-93\tests\normalizers\Normalize-IaCBicep.Tests.ps1">
        <results>
          <test-suite type="TestFixture" name="Normalize-IaCBicep" executed="True" result="Success" success="True" time="0.4241" asserts="0" description="Normalize-IaCBicep">
            <results>
              <test-suite type="TestFixture" name="Normalize-IaCBicep.v3 schema conversion" executed="True" result="Success" success="True" time="0.0915" asserts="0" description="Normalize-IaCBicep.v3 schema conversion">
                <results>
                  <test-case description="returns the correct number of findings" name="Normalize-IaCBicep.v3 schema conversion.returns the correct number of findings" time="0.0046" asserts="0" success="True" result="Success" executed="True" />
                  <test-case description="sets SchemaVersion to 2.0" name="Normalize-IaCBicep.v3 schema conversion.sets SchemaVersion to 2.0" time="0.0113" asserts="0" success="True" result="Success" executed="True" />
                  <test-case description="sets Source to bicep-iac" name="Normalize-IaCBicep.v3 schema conversion.sets Source to bicep-iac" time="0.0108" asserts="0" success="True" result="Success" executed="True" />
                  <test-case description="sets Platform to GitHub" name="Normalize-IaCBicep.v3 schema conversion.sets Platform to GitHub" time="0.0163" asserts="0" success="True" result="Success" executed="True" />
                  <test-case description="sets EntityType to Repository" name="Normalize-IaCBicep.v3 schema conversion.sets EntityType to Repository" time="0.0103" asserts="0" success="True" result="Success" executed="True" />
                </results>
              </test-suite>
              <test-suite type="TestFixture" name="Normalize-IaCBicep.EntityId normalization" executed="True" result="Success" success="True" time="0.1291" asserts="0" description="Normalize-IaCBicep.EntityId normalization">
                <results>
                  <test-case description="uses iac.local/bicep-iac prefix for EntityId" name="Normalize-IaCBicep.EntityId normalization.uses iac.local/bicep-iac prefix for EntityId" time="0.0065" asserts="0" success="True" result="Success" executed="True" />
                  <test-case description="has a non-empty EntityId for all findings" name="Normalize-IaCBicep.EntityId normalization.has a non-empty EntityId for all findings" time="0.0077" asserts="0" success="True" result="Success" executed="True" />
                  <test-case description="normalizes file paths to lowercase with flattened separators" name="Normalize-IaCBicep.EntityId normalization.normalizes file paths to lowercase with flattened separators" time="0.0049" asserts="0" success="True" result="Success" executed="True" />
                </results>
              </test-suite>
              <test-suite type="TestFixture" name="Normalize-IaCBicep.IaC Validation category" executed="True" result="Success" success="True" time="0.1581" asserts="0" description="Normalize-IaCBicep.IaC Validation category">
                <results>
                  <test-case description="preserves IaC Validation category" name="Normalize-IaCBicep.IaC Validation category.preserves IaC Validation category" time="0.0102" asserts="0" success="True" result="Success" executed="True" />
                </results>
              </test-suite>
              <test-suite type="TestFixture" name="Normalize-IaCBicep.severity mapping covers all five levels" executed="True" result="Success" success="True" time="0.2166" asserts="0" description="Normalize-IaCBicep.severity mapping covers all five levels">
                <results>
                  <test-case description="maps Critical severity" name="Normalize-IaCBicep.severity mapping covers all five levels.maps Critical severity" time="0.0067" asserts="0" success="True" result="Success" executed="True" />
                  <test-case description="maps High severity" name="Normalize-IaCBicep.severity mapping covers all five levels.maps High severity" time="0.0069" asserts="0" success="True" result="Success" executed="True" />
                  <test-case description="maps Medium severity" name="Normalize-IaCBicep.severity mapping covers all five levels.maps Medium severity" time="0.007" asserts="0" success="True" result="Success" executed="True" />
                  <test-case description="maps Low severity" name="Normalize-IaCBicep.severity mapping covers all five levels.maps Low severity" time="0.0063" asserts="0" success="True" result="Success" executed="True" />
                  <test-case description="maps Info severity" name="Normalize-IaCBicep.severity mapping covers all five levels.maps Info severity" time="0.0054" asserts="0" success="True" result="Success" executed="True" />
                </results>
              </test-suite>
              <test-suite type="TestFixture" name="Normalize-IaCBicep.field preservation" executed="True" result="Success" success="True" time="0.265" asserts="0" description="Normalize-IaCBicep.field preservation">
                <results>
                  <test-case description="preserves Compliant boolean" name="Normalize-IaCBicep.field preservation.preserves Compliant boolean" time="0.0042" asserts="0" success="True" result="Success" executed="True" />
                  <test-case description="preserves compliant true for info findings" name="Normalize-IaCBicep.field preservation.preserves compliant true for info findings" time="0.0044" asserts="0" success="True" result="Success" executed="True" />
                  <test-case description="preserves Title" name="Normalize-IaCBicep.field preservation.preserves Title" time="0.0066" asserts="0" success="True" result="Success" executed="True" />
                  <test-case description="preserves Detail" name="Normalize-IaCBicep.field preservation.preserves Detail" time="0.0052" asserts="0" success="True" result="Success" executed="True" />
                  <test-case description="preserves Remediation" name="Normalize-IaCBicep.field preservation.preserves Remediation" time="0.0037" asserts="0" success="True" result="Success" executed="True" />
                  <test-case description="preserves LearnMoreUrl" name="Normalize-IaCBicep.field preservation.preserves LearnMoreUrl" time="0.0045" asserts="0" success="True" result="Success" executed="True" />
                </results>
              </test-suite>
              <test-suite type="TestFixture" name="Normalize-IaCBicep.Provenance tracking" executed="True" result="Success" success="True" time="0.3199" asserts="0" description="Normalize-IaCBicep.Provenance tracking">
                <results>
                  <test-case description="sets Provenance with RunId" name="Normalize-IaCBicep.Provenance tracking.sets Provenance with RunId" time="0.0259" asserts="0" success="True" result="Success" executed="True" />
                  <test-case description="uses consistent RunId across all findings" name="Normalize-IaCBicep.Provenance tracking.uses consistent RunId across all findings" time="0.0072" asserts="0" success="True" result="Success" executed="True" />
                </results>
              </test-suite>
              <test-suite type="TestFixture" name="Normalize-IaCBicep.error handling" executed="True" result="Success" success="True" time="0.3612" asserts="0" description="Normalize-IaCBicep.error handling">
                <results>
                  <test-case description="returns empty array for failed tool output" name="Normalize-IaCBicep.error handling.returns empty array for failed tool output" time="0.0062" asserts="0" success="True" result="Success" executed="True" />
                  <test-case description="returns empty array for null Findings" name="Normalize-IaCBicep.error handling.returns empty array for null Findings" time="0.0074" asserts="0" success="True" result="Success" executed="True" />
                  <test-case description="returns empty array for empty Findings" name="Normalize-IaCBicep.error handling.returns empty array for empty Findings" time="0.0072" asserts="0" success="True" result="Success" executed="True" />
                  <test-case description="handles missing optional fields gracefully" name="Normalize-IaCBicep.error handling.handles missing optional fields gracefully" time="0.0114" asserts="0" success="True" result="Success" executed="True" />
                </results>
              </test-suite>
              <test-suite type="TestFixture" name="Normalize-IaCBicep.no Azure subscription context" executed="True" result="Success" success="True" time="0.4054" asserts="0" description="Normalize-IaCBicep.no Azure subscription context">
                <results>
                  <test-case description="does not set SubscriptionId" name="Normalize-IaCBicep.no Azure subscription context.does not set SubscriptionId" time="0.0103" asserts="0" success="True" result="Success" executed="True" />
                  <test-case description="does not set ResourceGroup" name="Normalize-IaCBicep.no Azure subscription context.does not set ResourceGroup" time="0.0098" asserts="0" success="True" result="Success" executed="True" />
                </results>
              </test-suite>
            </results>
          </test-suite>
        </results>
      </test-suite>
      <test-suite type="TestFixture" name="C:\git\azure-analyzer-93\tests\normalizers\Normalize-IaCTerraform.Tests.ps1" executed="True" result="Success" success="True" time="0.6666" asserts="0" description="C:\git\azure-analyzer-93\tests\normalizers\Normalize-IaCTerraform.Tests.ps1">
        <results>
          <test-suite type="TestFixture" name="Normalize-IaCTerraform" executed="True" result="Success" success="True" time="0.4657" asserts="0" description="Normalize-IaCTerraform">
            <results>
              <test-suite type="TestFixture" name="Normalize-IaCTerraform.v3 schema conversion" executed="True" result="Success" success="True" time="0.0741" asserts="0" description="Normalize-IaCTerraform.v3 schema conversion">
                <results>
                  <test-case description="returns the correct number of findings" name="Normalize-IaCTerraform.v3 schema conversion.returns the correct number of findings" time="0.0061" asserts="0" success="True" result="Success" executed="True" />
                  <test-case description="sets SchemaVersion to 2.0" name="Normalize-IaCTerraform.v3 schema conversion.sets SchemaVersion to 2.0" time="0.008" asserts="0" success="True" result="Success" executed="True" />
                  <test-case description="sets Source to terraform-iac" name="Normalize-IaCTerraform.v3 schema conversion.sets Source to terraform-iac" time="0.0101" asserts="0" success="True" result="Success" executed="True" />
                  <test-case description="sets Platform to GitHub" name="Normalize-IaCTerraform.v3 schema conversion.sets Platform to GitHub" time="0.0078" asserts="0" success="True" result="Success" executed="True" />
                  <test-case description="sets EntityType to Repository" name="Normalize-IaCTerraform.v3 schema conversion.sets EntityType to Repository" time="0.0133" asserts="0" success="True" result="Success" executed="True" />
                </results>
              </test-suite>
              <test-suite type="TestFixture" name="Normalize-IaCTerraform.EntityId normalization" executed="True" result="Success" success="True" time="0.1324" asserts="0" description="Normalize-IaCTerraform.EntityId normalization">
                <results>
                  <test-case description="uses iac.local/terraform-iac prefix for EntityId" name="Normalize-IaCTerraform.EntityId normalization.uses iac.local/terraform-iac prefix for EntityId" time="0.0102" asserts="0" success="True" result="Success" executed="True" />
                  <test-case description="has a non-empty EntityId for all findings" name="Normalize-IaCTerraform.EntityId normalization.has a non-empty EntityId for all findings" time="0.0098" asserts="0" success="True" result="Success" executed="True" />
                  <test-case description="normalizes directory paths to lowercase" name="Normalize-IaCTerraform.EntityId normalization.normalizes directory paths to lowercase" time="0.0075" asserts="0" success="True" result="Success" executed="True" />
                </results>
              </test-suite>
              <test-suite type="TestFixture" name="Normalize-IaCTerraform.category preservation" executed="True" result="Success" success="True" time="0.175" asserts="0" description="Normalize-IaCTerraform.category preservation">
                <results>
                  <test-case description="preserves IaC Validation category for validate findings" name="Normalize-IaCTerraform.category preservation.preserves IaC Validation category for validate findings" time="0.0078" asserts="0" success="True" result="Success" executed="True" />
                  <test-case description="preserves IaC Security category for trivy config findings" name="Normalize-IaCTerraform.category preservation.preserves IaC Security category for trivy config findings" time="0.0095" asserts="0" success="True" result="Success" executed="True" />
                </results>
              </test-suite>
              <test-suite type="TestFixture" name="Normalize-IaCTerraform.severity mapping covers all five levels" executed="True" result="Success" success="True" time="0.2447" asserts="0" description="Normalize-IaCTerraform.severity mapping covers all five levels">
                <results>
                  <test-case description="maps Critical severity" name="Normalize-IaCTerraform.severity mapping covers all five levels.maps Critical severity" time="0.0115" asserts="0" success="True" result="Success" executed="True" />
                  <test-case description="maps High severity" name="Normalize-IaCTerraform.severity mapping covers all five levels.maps High severity" time="0.008" asserts="0" success="True" result="Success" executed="True" />
                  <test-case description="maps Medium severity" name="Normalize-IaCTerraform.severity mapping covers all five levels.maps Medium severity" time="0.0078" asserts="0" success="True" result="Success" executed="True" />
                  <test-case description="maps Low severity" name="Normalize-IaCTerraform.severity mapping covers all five levels.maps Low severity" time="0.0072" asserts="0" success="True" result="Success" executed="True" />
                  <test-case description="maps Info severity" name="Normalize-IaCTerraform.severity mapping covers all five levels.maps Info severity" time="0.0094" asserts="0" success="True" result="Success" executed="True" />
                </results>
              </test-suite>
              <test-suite type="TestFixture" name="Normalize-IaCTerraform.field preservation" executed="True" result="Success" success="True" time="0.3107" asserts="0" description="Normalize-IaCTerraform.field preservation">
                <results>
                  <test-case description="preserves Compliant boolean (all false for errors)" name="Normalize-IaCTerraform.field preservation.preserves Compliant boolean (all false for errors)" time="0.0099" asserts="0" success="True" result="Success" executed="True" />
                  <test-case description="preserves Title for validate finding" name="Normalize-IaCTerraform.field preservation.preserves Title for validate finding" time="0.005" asserts="0" success="True" result="Success" executed="True" />
                  <test-case description="preserves Title for trivy config finding" name="Normalize-IaCTerraform.field preservation.preserves Title for trivy config finding" time="0.0061" asserts="0" success="True" result="Success" executed="True" />
                  <test-case description="preserves Detail" name="Normalize-IaCTerraform.field preservation.preserves Detail" time="0.0066" asserts="0" success="True" result="Success" executed="True" />
                  <test-case description="preserves Remediation" name="Normalize-IaCTerraform.field preservation.preserves Remediation" time="0.0062" asserts="0" success="True" result="Success" executed="True" />
                  <test-case description="preserves LearnMoreUrl" name="Normalize-IaCTerraform.field preservation.preserves LearnMoreUrl" time="0.0073" asserts="0" success="True" result="Success" executed="True" />
                </results>
              </test-suite>
              <test-suite type="TestFixture" name="Normalize-IaCTerraform.Provenance tracking" executed="True" result="Success" success="True" time="0.3649" asserts="0" description="Normalize-IaCTerraform.Provenance tracking">
                <results>
                  <test-case description="sets Provenance with RunId" name="Normalize-IaCTerraform.Provenance tracking.sets Provenance with RunId" time="0.0209" asserts="0" success="True" result="Success" executed="True" />
                  <test-case description="uses consistent RunId across all findings" name="Normalize-IaCTerraform.Provenance tracking.uses consistent RunId across all findings" time="0.0088" asserts="0" success="True" result="Success" executed="True" />
                </results>
              </test-suite>
              <test-suite type="TestFixture" name="Normalize-IaCTerraform.error handling" executed="True" result="Success" success="True" time="0.406" asserts="0" description="Normalize-IaCTerraform.error handling">
                <results>
                  <test-case description="returns empty array for failed tool output" name="Normalize-IaCTerraform.error handling.returns empty array for failed tool output" time="0.0059" asserts="0" success="True" result="Success" executed="True" />
                  <test-case description="returns empty array for null Findings" name="Normalize-IaCTerraform.error handling.returns empty array for null Findings" time="0.0066" asserts="0" success="True" result="Success" executed="True" />
                  <test-case description="returns empty array for empty Findings" name="Normalize-IaCTerraform.error handling.returns empty array for empty Findings" time="0.0071" asserts="0" success="True" result="Success" executed="True" />
                  <test-case description="handles missing optional fields gracefully" name="Normalize-IaCTerraform.error handling.handles missing optional fields gracefully" time="0.0114" asserts="0" success="True" result="Success" executed="True" />
                </results>
              </test-suite>
              <test-suite type="TestFixture" name="Normalize-IaCTerraform.no Azure subscription context" executed="True" result="Success" success="True" time="0.4496" asserts="0" description="Normalize-IaCTerraform.no Azure subscription context">
                <results>
                  <test-case description="does not set SubscriptionId" name="Normalize-IaCTerraform.no Azure subscription context.does not set SubscriptionId" time="0.0101" asserts="0" success="True" result="Success" executed="True" />
                  <test-case description="does not set ResourceGroup" name="Normalize-IaCTerraform.no Azure subscription context.does not set ResourceGroup" time="0.0095" asserts="0" success="True" result="Success" executed="True" />
                </results>
              </test-suite>
            </results>
          </test-suite>
        </results>
      </test-suite>
      <test-suite type="TestFixture" name="C:\git\azure-analyzer-93\tests\normalizers\Normalize-KubeBench.Tests.ps1" executed="True" result="Success" success="True" time="0.2405" asserts="0" description="C:\git\azure-analyzer-93\tests\normalizers\Normalize-KubeBench.Tests.ps1">
        <results>
          <test-suite type="TestFixture" name="Normalize-KubeBench" executed="True" result="Success" success="True" time="0.1362" asserts="0" description="Normalize-KubeBench">
            <results>
              <test-case description="returns empty array when Status is not Success" name="Normalize-KubeBench.returns empty array when Status is not Success" time="0.0103" asserts="0" success="True" result="Success" executed="True" />
              <test-case description="maps FAIL and WARN findings and ignores PASS" name="Normalize-KubeBench.maps FAIL and WARN findings and ignores PASS" time="0.0157" asserts="0" success="True" result="Success" executed="True" />
              <test-case description="maps rows to AKS AzureResource entity metadata" name="Normalize-KubeBench.maps rows to AKS AzureResource entity metadata" time="0.0276" asserts="0" success="True" result="Success" executed="True" />
              <test-case description="preserves severity mapping for FAIL/WARN findings" name="Normalize-KubeBench.preserves severity mapping for FAIL/WARN findings" time="0.0187" asserts="0" success="True" result="Success" executed="True" />
              <test-case description="attaches kube-bench ControlId values" name="Normalize-KubeBench.attaches kube-bench ControlId values" time="0.0152" asserts="0" success="True" result="Success" executed="True" />
            </results>
          </test-suite>
        </results>
      </test-suite>
      <test-suite type="TestFixture" name="C:\git\azure-analyzer-93\tests\normalizers\Normalize-Kubescape.Tests.ps1" executed="True" result="Success" success="True" time="0.2389" asserts="0" description="C:\git\azure-analyzer-93\tests\normalizers\Normalize-Kubescape.Tests.ps1">
        <results>
          <test-suite type="TestFixture" name="Normalize-Kubescape" executed="True" result="Success" success="True" time="0.1326" asserts="0" description="Normalize-Kubescape">
            <results>
              <test-case description="returns empty array when Status is not Success" name="Normalize-Kubescape.returns empty array when Status is not Success" time="0.0144" asserts="0" success="True" result="Success" executed="True" />
              <test-case description="emits one FindingRow per non-passing control" name="Normalize-Kubescape.emits one FindingRow per non-passing control" time="0.0119" asserts="0" success="True" result="Success" executed="True" />
              <test-case description="every row maps to AzureResource entity on the AKS cluster ARM ID" name="Normalize-Kubescape.every row maps to AzureResource entity on the AKS cluster ARM ID" time="0.0251" asserts="0" success="True" result="Success" executed="True" />
              <test-case description="preserves kubescape severity (High / Medium)" name="Normalize-Kubescape.preserves kubescape severity (High / Medium)" time="0.0152" asserts="0" success="True" result="Success" executed="True" />
              <test-case description="attaches ControlId for framework mapping" name="Normalize-Kubescape.attaches ControlId for framework mapping" time="0.0126" asserts="0" success="True" result="Success" executed="True" />
            </results>
          </test-suite>
        </results>
      </test-suite>
      <test-suite type="TestFixture" name="C:\git\azure-analyzer-93\tests\normalizers\Normalize-Maester.Tests.ps1" executed="True" result="Success" success="True" time="0.4664" asserts="0" description="C:\git\azure-analyzer-93\tests\normalizers\Normalize-Maester.Tests.ps1">
        <results>
          <test-suite type="TestFixture" name="Normalize-Maester" executed="True" result="Success" success="True" time="0.2885" asserts="0" description="Normalize-Maester">
            <results>
              <test-suite type="TestFixture" name="Normalize-Maester.v3 schema conversion" executed="True" result="Success" success="True" time="0.0546" asserts="0" description="Normalize-Maester.v3 schema conversion">
                <results>
                  <test-case description="returns the correct number of findings" name="Normalize-Maester.v3 schema conversion.returns the correct number of findings" time="0.0055" asserts="0" success="True" result="Success" executed="True" />
                  <test-case description="sets SchemaVersion to 2.0" name="Normalize-Maester.v3 schema conversion.sets SchemaVersion to 2.0" time="0.0093" asserts="0" success="True" result="Success" executed="True" />
                  <test-case description="sets Source to maester" name="Normalize-Maester.v3 schema conversion.sets Source to maester" time="0.0075" asserts="0" success="True" result="Success" executed="True" />
                  <test-case description="sets Platform to Entra for tenant-scoped identity checks" name="Normalize-Maester.v3 schema conversion.sets Platform to Entra for tenant-scoped identity checks" time="0.0098" asserts="0" success="True" result="Success" executed="True" />
                </results>
              </test-suite>
              <test-suite type="TestFixture" name="Normalize-Maester.entity type mapping for tenant-scoped checks" executed="True" result="Success" success="True" time="0.1097" asserts="0" description="Normalize-Maester.entity type mapping for tenant-scoped checks">
                <results>
                  <test-case description="uses the Tenant EntityType" name="Normalize-Maester.entity type mapping for tenant-scoped checks.uses the Tenant EntityType" time="0.0103" asserts="0" success="True" result="Success" executed="True" />
                  <test-case description="sets Platform to Entra" name="Normalize-Maester.entity type mapping for tenant-scoped checks.sets Platform to Entra" time="0.0095" asserts="0" success="True" result="Success" executed="True" />
                  <test-case description="has a non-empty EntityId even for empty ResourceId inputs" name="Normalize-Maester.entity type mapping for tenant-scoped checks.has a non-empty EntityId even for empty ResourceId inputs" time="0.0093" asserts="0" success="True" result="Success" executed="True" />
                </results>
              </test-suite>
              <test-suite type="TestFixture" name="Normalize-Maester.CanonicalId normalization" executed="True" result="Success" success="True" time="0.14" asserts="0" description="Normalize-Maester.CanonicalId normalization">
                <results>
                  <test-case description="lowercases EntityId" name="Normalize-Maester.CanonicalId normalization.lowercases EntityId" time="0.0113" asserts="0" success="True" result="Success" executed="True" />
                </results>
              </test-suite>
              <test-suite type="TestFixture" name="Normalize-Maester.field preservation" executed="True" result="Success" success="True" time="0.1949" asserts="0" description="Normalize-Maester.field preservation">
                <results>
                  <test-case description="preserves Compliant boolean correctly" name="Normalize-Maester.field preservation.preserves Compliant boolean correctly" time="0.0079" asserts="0" success="True" result="Success" executed="True" />
                  <test-case description="preserves Severity values" name="Normalize-Maester.field preservation.preserves Severity values" time="0.0087" asserts="0" success="True" result="Success" executed="True" />
                  <test-case description="preserves Category values" name="Normalize-Maester.field preservation.preserves Category values" time="0.0088" asserts="0" success="True" result="Success" executed="True" />
                  <test-case description="preserves Title" name="Normalize-Maester.field preservation.preserves Title" time="0.0054" asserts="0" success="True" result="Success" executed="True" />
                  <test-case description="preserves Detail" name="Normalize-Maester.field preservation.preserves Detail" time="0.0059" asserts="0" success="True" result="Success" executed="True" />
                </results>
              </test-suite>
              <test-suite type="TestFixture" name="Normalize-Maester.tenant-scoped checks have no SubscriptionId" executed="True" result="Success" success="True" time="0.2246" asserts="0" description="Normalize-Maester.tenant-scoped checks have no SubscriptionId">
                <results>
                  <test-case description="does not set SubscriptionId for Entra checks" name="Normalize-Maester.tenant-scoped checks have no SubscriptionId.does not set SubscriptionId for Entra checks" time="0.0067" asserts="0" success="True" result="Success" executed="True" />
                  <test-case description="does not set ResourceGroup for Entra checks" name="Normalize-Maester.tenant-scoped checks have no SubscriptionId.does not set ResourceGroup for Entra checks" time="0.0056" asserts="0" success="True" result="Success" executed="True" />
                </results>
              </test-suite>
[...]
                </results>
              </test-suite>
              <test-suite type="TestFixture" name="Invoke-IaCTerraform: error paths.when repository path does not exist" executed="True" result="Success" success="True" time="0.3122" asserts="0" description="Invoke-IaCTerraform: error paths.when repository path does not exist">
                <results>
                  <test-case description="returns Status = Failed" name="Invoke-IaCTerraform: error paths.when repository path does not exist.returns Status = Failed" time="0.0036" asserts="0" success="True" result="Success" executed="True" />
                  <test-case description="returns empty Findings" name="Invoke-IaCTerraform: error paths.when repository path does not exist.returns empty Findings" time="0.0045" asserts="0" success="True" result="Success" executed="True" />
                  <test-case description="sets Source to terraform-iac" name="Invoke-IaCTerraform: error paths.when repository path does not exist.sets Source to terraform-iac" time="0.0049" asserts="0" success="True" result="Success" executed="True" />
                </results>
              </test-suite>
            </results>
          </test-suite>
        </results>
      </test-suite>
      <test-suite type="TestFixture" name="C:\git\azure-analyzer-93\tests\wrappers\Invoke-IdentityCorrelation.Tests.ps1" executed="True" result="Success" success="True" time="0.171" asserts="0" description="C:\git\azure-analyzer-93\tests\wrappers\Invoke-IdentityCorrelation.Tests.ps1">
        <results>
          <test-suite type="TestFixture" name="Invoke-IdentityCorrelation: error paths" executed="True" result="Success" success="True" time="0.0296" asserts="0" description="Invoke-IdentityCorrelation: error paths">
            <results>
              <test-suite type="TestFixture" name="Invoke-IdentityCorrelation: error paths.when EntityStore is empty" executed="True" result="Success" success="True" time="0.0111" asserts="0" description="Invoke-IdentityCorrelation: error paths.when EntityStore is empty">
                <results>
                  <test-case description="returns empty findings" name="Invoke-IdentityCorrelation: error paths.when EntityStore is empty.returns empty findings" time="0.0041" asserts="0" success="True" result="Success" executed="True" />
                </results>
              </test-suite>
              <test-suite type="TestFixture" name="Invoke-IdentityCorrelation: error paths.when EntityStore contains no identity candidates" executed="True" result="Success" success="True" time="0.0253" asserts="0" description="Invoke-IdentityCorrelation: error paths.when EntityStore contains no identity candidates">
                <results>
                  <test-case description="returns empty findings gracefully" name="Invoke-IdentityCorrelation: error paths.when EntityStore contains no identity candidates.returns empty findings gracefully" time="0.0063" asserts="0" success="True" result="Success" executed="True" />
                </results>
              </test-suite>
            </results>
          </test-suite>
        </results>
      </test-suite>
      <test-suite type="TestFixture" name="C:\git\azure-analyzer-93\tests\wrappers\Invoke-KubeBench.Tests.ps1" executed="True" result="Success" success="True" time="0.1784" asserts="0" description="C:\git\azure-analyzer-93\tests\wrappers\Invoke-KubeBench.Tests.ps1">
        <results>
          <test-suite type="TestFixture" name="Invoke-KubeBench: error paths" executed="True" result="Success" success="True" time="0.0877" asserts="0" description="Invoke-KubeBench: error paths">
            <results>
              <test-suite type="TestFixture" name="Invoke-KubeBench: error paths.when kubectl is missing" executed="True" result="Success" success="True" time="0.0807" asserts="0" description="Invoke-KubeBench: error paths.when kubectl is missing">
                <results>
                  <test-case description="returns Status = Skipped" name="Invoke-KubeBench: error paths.when kubectl is missing.returns Status = Skipped" time="0.0044" asserts="0" success="True" result="Success" executed="True" />
                  <test-case description="returns empty Findings" name="Invoke-KubeBench: error paths.when kubectl is missing.returns empty Findings" time="0.0038" asserts="0" success="True" result="Success" executed="True" />
                  <test-case description="sets Source to kube-bench" name="Invoke-KubeBench: error paths.when kubectl is missing.sets Source to kube-bench" time="0.0041" asserts="0" success="True" result="Success" executed="True" />
                </results>
              </test-suite>
            </results>
          </test-suite>
        </results>
      </test-suite>
      <test-suite type="TestFixture" name="C:\git\azure-analyzer-93\tests\wrappers\Invoke-Kubescape.Tests.ps1" executed="True" result="Success" success="True" time="0.192" asserts="0" description="C:\git\azure-analyzer-93\tests\wrappers\Invoke-Kubescape.Tests.ps1">
        <results>
          <test-suite type="TestFixture" name="Invoke-Kubescape: error paths" executed="True" result="Success" success="True" time="0.0901" asserts="0" description="Invoke-Kubescape: error paths">
            <results>
              <test-suite type="TestFixture" name="Invoke-Kubescape: error paths.when kubescape CLI is missing" executed="True" result="Success" success="True" time="0.0849" asserts="0" description="Invoke-Kubescape: error paths.when kubescape CLI is missing">
                <results>
                  <test-case description="returns Status = Skipped" name="Invoke-Kubescape: error paths.when kubescape CLI is missing.returns Status = Skipped" time="0.0036" asserts="0" success="True" result="Success" executed="True" />
                  <test-case description="returns empty Findings" name="Invoke-Kubescape: error paths.when kubescape CLI is missing.returns empty Findings" time="0.0043" asserts="0" success="True" result="Success" executed="True" />
                  <test-case description="includes message about kubescape not installed" name="Invoke-Kubescape: error paths.when kubescape CLI is missing.includes message about kubescape not installed" time="0.003" asserts="0" success="True" result="Success" executed="True" />
                  <test-case description="sets Source to kubescape" name="Invoke-Kubescape: error paths.when kubescape CLI is missing.sets Source to kubescape" time="0.0044" asserts="0" success="True" result="Success" executed="True" />
                </results>
              </test-suite>
            </results>
          </test-suite>
        </results>
      </test-suite>
      <test-suite type="TestFixture" name="C:\git\azure-analyzer-93\tests\wrappers\Invoke-Maester.Tests.ps1" executed="True" result="Success" success="True" time="0.163" asserts="0" description="C:\git\azure-analyzer-93\tests\wrappers\Invoke-Maester.Tests.ps1">
        <results>
          <test-suite type="TestFixture" name="Invoke-Maester: error paths" executed="True" result="Success" success="True" time="0.0735" asserts="0" description="Invoke-Maester: error paths">
            <results>
              <test-suite type="TestFixture" name="Invoke-Maester: error paths.when Maester module is missing" executed="True" result="Success" success="True" time="0.066" asserts="0" description="Invoke-Maester: error paths.when Maester module is missing">
                <results>
                  <test-case description="returns Status = Skipped" name="Invoke-Maester: error paths.when Maester module is missing.returns Status = Skipped" time="0.0037" asserts="0" success="True" result="Success" executed="True" />
                  <test-case description="returns empty Findings" name="Invoke-Maester: error paths.when Maester module is missing.returns empty Findings" time="0.004" asserts="0" success="True" result="Success" executed="True" />
                  <test-case description="includes message about Maester not installed" name="Invoke-Maester: error paths.when Maester module is missing.includes message about Maester not installed" time="0.0049" asserts="0" success="True" result="Success" executed="True" />
                  <test-case description="sets Source to maester" name="Invoke-Maester: error paths.when Maester module is missing.sets Source to maester" time="0.0058" asserts="0" success="True" result="Success" executed="True" />
                </results>
              </test-suite>
            </results>
          </test-suite>
        </results>
      </test-suite>
      <test-suite type="TestFixture" name="C:\git\azure-analyzer-93\tests\wrappers\Invoke-PSRule.Tests.ps1" executed="True" result="Success" success="True" time="0.1646" asserts="0" description="C:\git\azure-analyzer-93\tests\wrappers\Invoke-PSRule.Tests.ps1">
        <results>
          <test-suite type="TestFixture" name="Invoke-PSRule: error paths" executed="True" result="Success" success="True" time="0.0774" asserts="0" description="Invoke-PSRule: error paths">
            <results>
              <test-suite type="TestFixture" name="Invoke-PSRule: error paths.when PSRule modules are missing" executed="True" result="Success" success="True" time="0.0705" asserts="0" description="Invoke-PSRule: error paths.when PSRule modules are missing">
                <results>
                  <test-case description="returns Status = Skipped" name="Invoke-PSRule: error paths.when PSRule modules are missing.returns Status = Skipped" time="0.0055" asserts="0" success="True" result="Success" executed="True" />
                  <test-case description="returns empty Findings" name="Invoke-PSRule: error paths.when PSRule modules are missing.returns empty Findings" time="0.0041" asserts="0" success="True" result="Success" executed="True" />
                  <test-case description="includes message about PSRule not installed" name="Invoke-PSRule: error paths.when PSRule modules are missing.includes message about PSRule not installed" time="0.0092" asserts="0" success="True" result="Success" executed="True" />
                  <test-case description="sets Source to psrule" name="Invoke-PSRule: error paths.when PSRule modules are missing.sets Source to psrule" time="0.0046" asserts="0" success="True" result="Success" executed="True" />
                </results>
              </test-suite>
            </results>
          </test-suite>
        </results>
      </test-suite>
      <test-suite type="TestFixture" name="C:\git\azure-analyzer-93\tests\wrappers\Invoke-Scorecard.Tests.ps1" executed="True" result="Success" success="True" time="0.1707" asserts="0" description="C:\git\azure-analyzer-93\tests\wrappers\Invoke-Scorecard.Tests.ps1">
        <results>
          <test-suite type="TestFixture" name="scorecard wrapper: GH_HOST handling" executed="True" result="Success" success="True" time="0.0809" asserts="0" description="scorecard wrapper: GH_HOST handling">
            <results>
              <test-case description="sets GH_HOST to github.com during scorecard invocation and restores original value afterward" name="scorecard wrapper: GH_HOST handling.sets GH_HOST to github.com during scorecard invocation and restores original value afterward" time="0.0448" asserts="0" success="True" result="Success" executed="True" />
              <test-case description="uses an explicit enterprise GitHub host and restores GH_HOST when initially unset" name="scorecard wrapper: GH_HOST handling.uses an explicit enterprise GitHub host and restores GH_HOST when initially unset" time="0.029" asserts="0" success="True" result="Success" executed="True" />
            </results>
          </test-suite>
        </results>
      </test-suite>
      <test-suite type="TestFixture" name="C:\git\azure-analyzer-93\tests\wrappers\Invoke-Trivy.Tests.ps1" executed="True" result="Success" success="True" time="0.1892" asserts="0" description="C:\git\azure-analyzer-93\tests\wrappers\Invoke-Trivy.Tests.ps1">
        <results>
          <test-suite type="TestFixture" name="Invoke-Trivy: error paths" executed="True" result="Success" success="True" time="0.0989" asserts="0" description="Invoke-Trivy: error paths">
            <results>
              <test-suite type="TestFixture" name="Invoke-Trivy: error paths.when trivy CLI is missing" executed="True" result="Success" success="True" time="0.0907" asserts="0" description="Invoke-Trivy: error paths.when trivy CLI is missing">
                <results>
                  <test-case description="returns Status = Skipped" name="Invoke-Trivy: error paths.when trivy CLI is missing.returns Status = Skipped" time="0.0049" asserts="0" success="True" result="Success" executed="True" />
                  <test-case description="returns empty Findings" name="Invoke-Trivy: error paths.when trivy CLI is missing.returns empty Findings" time="0.0049" asserts="0" success="True" result="Success" executed="True" />
                  <test-case description="includes message about trivy not installed" name="Invoke-Trivy: error paths.when trivy CLI is missing.includes message about trivy not installed" time="0.0041" asserts="0" success="True" result="Success" executed="True" />
                  <test-case description="sets Source to trivy" name="Invoke-Trivy: error paths.when trivy CLI is missing.sets Source to trivy" time="0.0047" asserts="0" success="True" result="Success" executed="True" />
                </results>
              </test-suite>
            </results>
          </test-suite>
        </results>
      </test-suite>
      <test-suite type="TestFixture" name="C:\git\azure-analyzer-93\tests\wrappers\Invoke-WARA.Tests.ps1" executed="True" result="Success" success="True" time="0.1573" asserts="0" description="C:\git\azure-analyzer-93\tests\wrappers\Invoke-WARA.Tests.ps1">
        <results>
          <test-suite type="TestFixture" name="Invoke-WARA: error paths" executed="True" result="Success" success="True" time="0.0715" asserts="0" description="Invoke-WARA: error paths">
            <results>
              <test-suite type="TestFixture" name="Invoke-WARA: error paths.when WARA module is missing" executed="True" result="Success" success="True" time="0.0649" asserts="0" description="Invoke-WARA: error paths.when WARA module is missing">
                <results>
                  <test-case description="returns Status = Skipped" name="Invoke-WARA: error paths.when WARA module is missing.returns Status = Skipped" time="0.0046" asserts="0" success="True" result="Success" executed="True" />
                  <test-case description="returns empty Findings" name="Invoke-WARA: error paths.when WARA module is missing.returns empty Findings" time="0.0034" asserts="0" success="True" result="Success" executed="True" />
                  <test-case description="includes message about WARA not installed" name="Invoke-WARA: error paths.when WARA module is missing.includes message about WARA not installed" time="0.0036" asserts="0" success="True" result="Success" executed="True" />
                  <test-case description="sets Source to wara" name="Invoke-WARA: error paths.when WARA module is missing.sets Source to wara" time="0.0054" asserts="0" success="True" result="Success" executed="True" />
                </results>
              </test-suite>
            </results>
          </test-suite>
        </results>
      </test-suite>
      <test-suite type="TestFixture" name="C:\git\azure-analyzer-93\tests\wrappers\Invoke-Zizmor.Tests.ps1" executed="True" result="Success" success="True" time="0.1724" asserts="0" description="C:\git\azure-analyzer-93\tests\wrappers\Invoke-Zizmor.Tests.ps1">
        <results>
          <test-suite type="TestFixture" name="Invoke-Zizmor: error paths" executed="True" result="Success" success="True" time="0.0888" asserts="0" description="Invoke-Zizmor: error paths">
            <results>
              <test-suite type="TestFixture" name="Invoke-Zizmor: error paths.when zizmor CLI is missing" executed="True" result="Success" success="True" time="0.0843" asserts="0" description="Invoke-Zizmor: error paths.when zizmor CLI is missing">
                <results>
                  <test-case description="returns Status = Skipped" name="Invoke-Zizmor: error paths.when zizmor CLI is missing.returns Status = Skipped" time="0.0027" asserts="0" success="True" result="Success" executed="True" />
                  <test-case description="returns empty Findings" name="Invoke-Zizmor: error paths.when zizmor CLI is missing.returns empty Findings" time="0.0029" asserts="0" success="True" result="Success" executed="True" />
                  <test-case description="includes message about zizmor not installed" name="Invoke-Zizmor: error paths.when zizmor CLI is missing.includes message about zizmor not installed" time="0.0025" asserts="0" success="True" result="Success" executed="True" />
                  <test-case description="sets Source to zizmor" name="Invoke-Zizmor: error paths.when zizmor CLI is missing.sets Source to zizmor" time="0.0024" asserts="0" success="True" result="Success" executed="True" />
                </results>
              </test-suite>
            </results>
          </test-suite>
        </results>
      </test-suite>
      <test-suite type="TestFixture" name="C:\git\azure-analyzer-93\tests\wrappers\Wrappers-Remote.Tests.ps1" executed="True" result="Success" success="True" time="0.6424" asserts="0" description="C:\git\azure-analyzer-93\tests\wrappers\Wrappers-Remote.Tests.ps1">
        <results>
          <test-suite type="TestFixture" name="zizmor wrapper: remote/local routing" executed="True" result="Success" success="True" time="0.2175" asserts="0" description="zizmor wrapper: remote/local routing">
            <results>
              <test-case description="accepts -RemoteUrl parameter" name="zizmor wrapper: remote/local routing.accepts -RemoteUrl parameter" time="0.0184" asserts="0" success="True" result="Success" executed="True" />
              <test-case description="rejects non-allow-listed remote URL" name="zizmor wrapper: remote/local routing.rejects non-allow-listed remote URL" time="0.1895" asserts="0" success="True" result="Success" executed="True" />
            </results>
          </test-suite>
          <test-suite type="TestFixture" name="gitleaks wrapper: remote/local routing" executed="True" result="Success" success="True" time="0.3772" asserts="0" description="gitleaks wrapper: remote/local routing">
            <results>
              <test-case description="accepts -RemoteUrl parameter" name="gitleaks wrapper: remote/local routing.accepts -RemoteUrl parameter" time="0.015" asserts="0" success="True" result="Success" executed="True" />
              <test-case description="rejects non-allow-listed remote URL" name="gitleaks wrapper: remote/local routing.rejects non-allow-listed remote URL" time="0.1365" asserts="0" success="True" result="Success" executed="True" />
            </results>
          </test-suite>
          <test-suite type="TestFixture" name="trivy wrapper: remote/local routing" executed="True" result="Success" success="True" time="0.5473" asserts="0" description="trivy wrapper: remote/local routing">
            <results>
              <test-case description="accepts -RemoteUrl parameter" name="trivy wrapper: remote/local routing.accepts -RemoteUrl parameter" time="0.0148" asserts="0" success="True" result="Success" executed="True" />
              <test-case description="rejects non-allow-listed remote URL" name="trivy wrapper: remote/local routing.rejects non-allow-listed remote URL" time="0.148" asserts="0" success="True" result="Success" executed="True" />
            </results>
          </test-suite>
        </results>
      </test-suite>
    </results>
  </test-suite>
</test-results>